[0.022s] Invoking command in '/home/mrg/mocap4r2_ws/build/mocap4r2_marker_publisher': AMENT_PREFIX_PATH=/home/mrg/mocap4r2_ws/install/mocap4r2_msgs:${AMENT_PREFIX_PATH} CMAKE_PREFIX_PATH=/home/mrg/mocap4r2_ws/install/mocap4r2_msgs:/opt/ros/jazzy/opt/gz_math_vendor:/opt/ros/jazzy/opt/gz_utils_vendor:/opt/ros/jazzy/opt/gz_cmake_vendor:/opt/ros/jazzy DEBUGINFOD_URLS=https://debuginfod.ubuntu.com LD_LIBRARY_PATH=/home/mrg/mocap4r2_ws/install/mocap4r2_msgs/lib:${LD_LIBRARY_PATH} PYTHONPATH=/home/mrg/mocap4r2_ws/install/mocap4r2_msgs/lib/python3.12/site-packages:${PYTHONPATH} /usr/bin/cmake /home/mrg/mocap4r2_ws/src/mocap4r2/mocap4r2_marker_viz/mocap4r2_marker_publisher -DAMENT_CMAKE_SYMLINK_INSTALL=1 -DCMAKE_INSTALL_PREFIX=/home/mrg/mocap4r2_ws/install/mocap4r2_marker_publisher
[0.151s] -- The C compiler identification is GNU 13.3.0
[0.268s] -- The CXX compiler identification is GNU 13.3.0
[0.305s] -- Detecting C compiler ABI info
[0.518s] -- Detecting C compiler ABI info - done
[0.549s] -- Check for working C compiler: /usr/bin/cc - skipped
[0.550s] -- Detecting C compile features
[0.552s] -- Detecting C compile features - done
[0.575s] -- Detecting CXX compiler ABI info
[0.777s] -- Detecting CXX compiler ABI info - done
[0.799s] -- Check for working CXX compiler: /usr/bin/c++ - skipped
[0.800s] -- Detecting CXX compile features
[0.801s] -- Detecting CXX compile features - done
[0.805s] -- Found ament_cmake: 2.5.6 (/opt/ros/jazzy/share/ament_cmake/cmake)
[1.196s] -- Found Python3: /usr/bin/python3 (found version "3.12.3") found components: Interpreter 
[1.413s] -- Override CMake install command with custom implementation using symlinks instead of copying resources
[1.472s] -- Found rclcpp: 28.1.18 (/opt/ros/jazzy/share/rclcpp/cmake)
[1.600s] -- Found rosidl_generator_c: 4.6.7 (/opt/ros/jazzy/share/rosidl_generator_c/cmake)
[1.638s] -- Found rosidl_generator_cpp: 4.6.7 (/opt/ros/jazzy/share/rosidl_generator_cpp/cmake)
[1.670s] -- Using all available rosidl_typesupport_c: rosidl_typesupport_fastrtps_c;rosidl_typesupport_introspection_c
[1.707s] -- Using all available rosidl_typesupport_cpp: rosidl_typesupport_fastrtps_cpp;rosidl_typesupport_introspection_cpp
[1.876s] -- Found rmw_implementation_cmake: 7.3.3 (/opt/ros/jazzy/share/rmw_implementation_cmake/cmake)
[1.882s] -- Found rmw_fastrtps_cpp: 8.4.3 (/opt/ros/jazzy/share/rmw_fastrtps_cpp/cmake)
[2.069s] -- Found OpenSSL: /usr/lib/x86_64-linux-gnu/libcrypto.so (found version "3.0.13")  
[2.145s] -- Found FastRTPS: /opt/ros/jazzy/include (Required is at least version "2.13") 
[2.214s] -- Using RMW implementation 'rmw_fastrtps_cpp' as default
[2.420s] -- Found mocap4r2_msgs: 0.2.0 (/home/mrg/mocap4r2_ws/install/mocap4r2_msgs/share/mocap4r2_msgs/cmake)
[2.567s] -- Found ament_lint_auto: 0.17.5 (/opt/ros/jazzy/share/ament_lint_auto/cmake)
[2.948s] -- Added test 'copyright' to check source files copyright and LICENSE
[2.951s] -- Added test 'cppcheck' to perform static code analysis on C / C++ code
[2.951s] -- Configured cppcheck include dirs: 
[2.951s] -- Configured cppcheck exclude dirs and/or files: 
[2.953s] -- Added test 'cpplint' to check C / C++ code against the Google style
[2.953s] -- Configured cpplint exclude dirs and/or files: 
[2.954s] -- Added test 'lint_cmake' to check CMake code style
[2.956s] -- Added test 'uncrustify' to check C / C++ code style
[2.956s] -- Configured uncrustify additional arguments: 
[2.957s] -- Added test 'xmllint' to check XML markup files
[2.961s] -- Configuring done (2.9s)
[2.983s] -- Generating done (0.0s)
[2.992s] -- Build files have been written to: /home/mrg/mocap4r2_ws/build/mocap4r2_marker_publisher
[3.014s] Invoked command in '/home/mrg/mocap4r2_ws/build/mocap4r2_marker_publisher' returned '0': AMENT_PREFIX_PATH=/home/mrg/mocap4r2_ws/install/mocap4r2_msgs:${AMENT_PREFIX_PATH} CMAKE_PREFIX_PATH=/home/mrg/mocap4r2_ws/install/mocap4r2_msgs:/opt/ros/jazzy/opt/gz_math_vendor:/opt/ros/jazzy/opt/gz_utils_vendor:/opt/ros/jazzy/opt/gz_cmake_vendor:/opt/ros/jazzy DEBUGINFOD_URLS=https://debuginfod.ubuntu.com LD_LIBRARY_PATH=/home/mrg/mocap4r2_ws/install/mocap4r2_msgs/lib:${LD_LIBRARY_PATH} PYTHONPATH=/home/mrg/mocap4r2_ws/install/mocap4r2_msgs/lib/python3.12/site-packages:${PYTHONPATH} /usr/bin/cmake /home/mrg/mocap4r2_ws/src/mocap4r2/mocap4r2_marker_viz/mocap4r2_marker_publisher -DAMENT_CMAKE_SYMLINK_INSTALL=1 -DCMAKE_INSTALL_PREFIX=/home/mrg/mocap4r2_ws/install/mocap4r2_marker_publisher
[3.019s] Invoking command in '/home/mrg/mocap4r2_ws/build/mocap4r2_marker_publisher': AMENT_PREFIX_PATH=/home/mrg/mocap4r2_ws/install/mocap4r2_msgs:${AMENT_PREFIX_PATH} CMAKE_PREFIX_PATH=/home/mrg/mocap4r2_ws/install/mocap4r2_msgs:/opt/ros/jazzy/opt/gz_math_vendor:/opt/ros/jazzy/opt/gz_utils_vendor:/opt/ros/jazzy/opt/gz_cmake_vendor:/opt/ros/jazzy DEBUGINFOD_URLS=https://debuginfod.ubuntu.com LD_LIBRARY_PATH=/home/mrg/mocap4r2_ws/install/mocap4r2_msgs/lib:${LD_LIBRARY_PATH} PYTHONPATH=/home/mrg/mocap4r2_ws/install/mocap4r2_msgs/lib/python3.12/site-packages:${PYTHONPATH} /usr/bin/cmake --build /home/mrg/mocap4r2_ws/build/mocap4r2_marker_publisher -- -j20 -l20
[3.164s] [ 50%] [32mBuilding CXX object CMakeFiles/mocap4r2_marker_publisher.dir/src/mocap4r2_marker_publisher.cpp.o[0m
[13.298s] [100%] [32m[1mLinking CXX executable mocap4r2_marker_publisher[0m
[13.621s] [100%] Built target mocap4r2_marker_publisher
[13.653s] Invoked command in '/home/mrg/mocap4r2_ws/build/mocap4r2_marker_publisher' returned '0': AMENT_PREFIX_PATH=/home/mrg/mocap4r2_ws/install/mocap4r2_msgs:${AMENT_PREFIX_PATH} CMAKE_PREFIX_PATH=/home/mrg/mocap4r2_ws/install/mocap4r2_msgs:/opt/ros/jazzy/opt/gz_math_vendor:/opt/ros/jazzy/opt/gz_utils_vendor:/opt/ros/jazzy/opt/gz_cmake_vendor:/opt/ros/jazzy DEBUGINFOD_URLS=https://debuginfod.ubuntu.com LD_LIBRARY_PATH=/home/mrg/mocap4r2_ws/install/mocap4r2_msgs/lib:${LD_LIBRARY_PATH} PYTHONPATH=/home/mrg/mocap4r2_ws/install/mocap4r2_msgs/lib/python3.12/site-packages:${PYTHONPATH} /usr/bin/cmake --build /home/mrg/mocap4r2_ws/build/mocap4r2_marker_publisher -- -j20 -l20
[13.656s] Invoking command in '/home/mrg/mocap4r2_ws/build/mocap4r2_marker_publisher': AMENT_PREFIX_PATH=/home/mrg/mocap4r2_ws/install/mocap4r2_msgs:${AMENT_PREFIX_PATH} CMAKE_PREFIX_PATH=/home/mrg/mocap4r2_ws/install/mocap4r2_msgs:/opt/ros/jazzy/opt/gz_math_vendor:/opt/ros/jazzy/opt/gz_utils_vendor:/opt/ros/jazzy/opt/gz_cmake_vendor:/opt/ros/jazzy DEBUGINFOD_URLS=https://debuginfod.ubuntu.com LD_LIBRARY_PATH=/home/mrg/mocap4r2_ws/install/mocap4r2_msgs/lib:${LD_LIBRARY_PATH} PYTHONPATH=/home/mrg/mocap4r2_ws/install/mocap4r2_msgs/lib/python3.12/site-packages:${PYTHONPATH} /usr/bin/cmake --install /home/mrg/mocap4r2_ws/build/mocap4r2_marker_publisher
[13.677s] -- Install configuration: ""
[13.679s] -- Execute custom install script
[13.680s] -- Symlinking: /home/mrg/mocap4r2_ws/install/mocap4r2_marker_publisher/lib/mocap4r2_marker_publisher/mocap4r2_marker_publisher
[13.708s] -- Symlinking: /home/mrg/mocap4r2_ws/install/mocap4r2_marker_publisher/share/ament_index/resource_index/package_run_dependencies/mocap4r2_marker_publisher
[13.725s] -- Symlinking: /home/mrg/mocap4r2_ws/install/mocap4r2_marker_publisher/share/ament_index/resource_index/parent_prefix_path/mocap4r2_marker_publisher
[13.747s] -- Symlinking: /home/mrg/mocap4r2_ws/install/mocap4r2_marker_publisher/share/mocap4r2_marker_publisher/environment/ament_prefix_path.sh
[13.764s] -- Symlinking: /home/mrg/mocap4r2_ws/install/mocap4r2_marker_publisher/share/mocap4r2_marker_publisher/environment/ament_prefix_path.dsv
[13.779s] -- Symlinking: /home/mrg/mocap4r2_ws/install/mocap4r2_marker_publisher/share/mocap4r2_marker_publisher/environment/path.sh
[13.795s] -- Symlinking: /home/mrg/mocap4r2_ws/install/mocap4r2_marker_publisher/share/mocap4r2_marker_publisher/environment/path.dsv
[13.815s] -- Symlinking: /home/mrg/mocap4r2_ws/install/mocap4r2_marker_publisher/share/mocap4r2_marker_publisher/local_setup.bash
[13.830s] -- Symlinking: /home/mrg/mocap4r2_ws/install/mocap4r2_marker_publisher/share/mocap4r2_marker_publisher/local_setup.sh
[13.849s] -- Symlinking: /home/mrg/mocap4r2_ws/install/mocap4r2_marker_publisher/share/mocap4r2_marker_publisher/local_setup.zsh
[13.864s] -- Symlinking: /home/mrg/mocap4r2_ws/install/mocap4r2_marker_publisher/share/mocap4r2_marker_publisher/local_setup.dsv
[13.878s] -- Symlinking: /home/mrg/mocap4r2_ws/install/mocap4r2_marker_publisher/share/mocap4r2_marker_publisher/package.dsv
[13.896s] -- Symlinking: /home/mrg/mocap4r2_ws/install/mocap4r2_marker_publisher/share/ament_index/resource_index/packages/mocap4r2_marker_publisher
[13.910s] -- Symlinking: /home/mrg/mocap4r2_ws/install/mocap4r2_marker_publisher/share/mocap4r2_marker_publisher/cmake/mocap4r2_marker_publisherConfig.cmake
[13.924s] -- Symlinking: /home/mrg/mocap4r2_ws/install/mocap4r2_marker_publisher/share/mocap4r2_marker_publisher/cmake/mocap4r2_marker_publisherConfig-version.cmake
[13.944s] -- Symlinking: /home/mrg/mocap4r2_ws/install/mocap4r2_marker_publisher/share/mocap4r2_marker_publisher/package.xml
[13.964s] Invoked command in '/home/mrg/mocap4r2_ws/build/mocap4r2_marker_publisher' returned '0': AMENT_PREFIX_PATH=/home/mrg/mocap4r2_ws/install/mocap4r2_msgs:${AMENT_PREFIX_PATH} CMAKE_PREFIX_PATH=/home/mrg/mocap4r2_ws/install/mocap4r2_msgs:/opt/ros/jazzy/opt/gz_math_vendor:/opt/ros/jazzy/opt/gz_utils_vendor:/opt/ros/jazzy/opt/gz_cmake_vendor:/opt/ros/jazzy DEBUGINFOD_URLS=https://debuginfod.ubuntu.com LD_LIBRARY_PATH=/home/mrg/mocap4r2_ws/install/mocap4r2_msgs/lib:${LD_LIBRARY_PATH} PYTHONPATH=/home/mrg/mocap4r2_ws/install/mocap4r2_msgs/lib/python3.12/site-packages:${PYTHONPATH} /usr/bin/cmake --install /home/mrg/mocap4r2_ws/build/mocap4r2_marker_publisher
