[0.015s] Invoking command in '/home/mrg/mocap4r2_ws/build/mocap4r2_dummy_driver': AMENT_PREFIX_PATH=/home/mrg/mocap4r2_ws/install/mocap4r2_control:/home/mrg/mocap4r2_ws/install/mocap4r2_msgs:/home/mrg/mocap4r2_ws/install/mocap4r2_control_msgs:${AMENT_PREFIX_PATH} CMAKE_PREFIX_PATH=/home/mrg/mocap4r2_ws/install/mocap4r2_control:/home/mrg/mocap4r2_ws/install/mocap4r2_msgs:/home/mrg/mocap4r2_ws/install/mocap4r2_control_msgs:/opt/ros/jazzy/opt/gz_math_vendor:/opt/ros/jazzy/opt/gz_utils_vendor:/opt/ros/jazzy/opt/gz_cmake_vendor:/opt/ros/jazzy DEBUGINFOD_URLS=https://debuginfod.ubuntu.com LD_LIBRARY_PATH=/home/mrg/mocap4r2_ws/install/mocap4r2_control/lib:/home/mrg/mocap4r2_ws/install/mocap4r2_msgs/lib:/home/mrg/mocap4r2_ws/install/mocap4r2_control_msgs/lib:${LD_LIBRARY_PATH} PYTHONPATH=/home/mrg/mocap4r2_ws/install/mocap4r2_msgs/lib/python3.12/site-packages:/home/mrg/mocap4r2_ws/install/mocap4r2_control_msgs/lib/python3.12/site-packages:${PYTHONPATH} /usr/bin/cmake /home/mrg/mocap4r2_ws/src/mocap4r2/mocap4r2_dummy_driver -DAMENT_CMAKE_SYMLINK_INSTALL=1 -DCMAKE_INSTALL_PREFIX=/home/mrg/mocap4r2_ws/install/mocap4r2_dummy_driver
[0.066s] -- The C compiler identification is GNU 13.3.0
[0.125s] -- The CXX compiler identification is GNU 13.3.0
[0.142s] -- Detecting C compiler ABI info
[0.249s] -- Detecting C compiler ABI info - done
[0.259s] -- Check for working C compiler: /usr/bin/cc - skipped
[0.259s] -- Detecting C compile features
[0.260s] -- Detecting C compile features - done
[0.270s] -- Detecting CXX compiler ABI info
[0.381s] -- Detecting CXX compiler ABI info - done
[0.391s] -- Check for working CXX compiler: /usr/bin/c++ - skipped
[0.391s] -- Detecting CXX compile features
[0.391s] -- Detecting CXX compile features - done
[0.394s] -- Found ament_cmake: 2.5.6 (/opt/ros/jazzy/share/ament_cmake/cmake)
[0.562s] -- Found Python3: /usr/bin/python3 (found version "3.12.3") found components: Interpreter 
[0.648s] -- Override CMake install command with custom implementation using symlinks instead of copying resources
[0.679s] -- Found rclcpp: 28.1.18 (/opt/ros/jazzy/share/rclcpp/cmake)
[0.733s] -- Found rosidl_generator_c: 4.6.7 (/opt/ros/jazzy/share/rosidl_generator_c/cmake)
[0.748s] -- Found rosidl_generator_cpp: 4.6.7 (/opt/ros/jazzy/share/rosidl_generator_cpp/cmake)
[0.765s] -- Using all available rosidl_typesupport_c: rosidl_typesupport_fastrtps_c;rosidl_typesupport_introspection_c
[0.784s] -- Using all available rosidl_typesupport_cpp: rosidl_typesupport_fastrtps_cpp;rosidl_typesupport_introspection_cpp
[0.871s] -- Found rmw_implementation_cmake: 7.3.3 (/opt/ros/jazzy/share/rmw_implementation_cmake/cmake)
[0.874s] -- Found rmw_fastrtps_cpp: 8.4.3 (/opt/ros/jazzy/share/rmw_fastrtps_cpp/cmake)
[0.975s] -- Found OpenSSL: /usr/lib/x86_64-linux-gnu/libcrypto.so (found version "3.0.13")  
[0.999s] -- Found FastRTPS: /opt/ros/jazzy/include (Required is at least version "2.13") 
[1.033s] -- Using RMW implementation 'rmw_fastrtps_cpp' as default
[1.122s] -- Found rclcpp_lifecycle: 28.1.18 (/opt/ros/jazzy/share/rclcpp_lifecycle/cmake)
[1.160s] -- Found mocap4r2_msgs: 0.2.0 (/home/mrg/mocap4r2_ws/install/mocap4r2_msgs/share/mocap4r2_msgs/cmake)
[1.227s] -- Found mocap4r2_control: 0.0.7 (/home/mrg/mocap4r2_ws/install/mocap4r2_control/share/mocap4r2_control/cmake)
[1.275s] -- Found ament_lint_auto: 0.17.5 (/opt/ros/jazzy/share/ament_lint_auto/cmake)
[1.424s] -- Added test 'copyright' to check source files copyright and LICENSE
[1.426s] -- Added test 'cppcheck' to perform static code analysis on C / C++ code
[1.426s] -- Configured cppcheck include dirs: /home/mrg/mocap4r2_ws/src/mocap4r2/mocap4r2_dummy_driver/include
[1.426s] -- Configured cppcheck exclude dirs and/or files: 
[1.427s] -- Added test 'cpplint' to check C / C++ code against the Google style
[1.427s] -- Configured cpplint exclude dirs and/or files: 
[1.428s] -- Added test 'flake8' to check Python code syntax and style conventions
[1.428s] -- Configured 'flake8' exclude dirs and/or files: 
[1.429s] -- Added test 'lint_cmake' to check CMake code style
[1.429s] -- Added test 'pep257' to check Python code against some of the docstring style conventions in PEP 257
[1.431s] -- Added test 'uncrustify' to check C / C++ code style
[1.431s] -- Configured uncrustify additional arguments: 
[1.431s] -- Added test 'xmllint' to check XML markup files
[1.433s] -- Configuring done (1.4s)
[1.471s] -- Generating done (0.0s)
[1.476s] -- Build files have been written to: /home/mrg/mocap4r2_ws/build/mocap4r2_dummy_driver
[1.488s] Invoked command in '/home/mrg/mocap4r2_ws/build/mocap4r2_dummy_driver' returned '0': AMENT_PREFIX_PATH=/home/mrg/mocap4r2_ws/install/mocap4r2_control:/home/mrg/mocap4r2_ws/install/mocap4r2_msgs:/home/mrg/mocap4r2_ws/install/mocap4r2_control_msgs:${AMENT_PREFIX_PATH} CMAKE_PREFIX_PATH=/home/mrg/mocap4r2_ws/install/mocap4r2_control:/home/mrg/mocap4r2_ws/install/mocap4r2_msgs:/home/mrg/mocap4r2_ws/install/mocap4r2_control_msgs:/opt/ros/jazzy/opt/gz_math_vendor:/opt/ros/jazzy/opt/gz_utils_vendor:/opt/ros/jazzy/opt/gz_cmake_vendor:/opt/ros/jazzy DEBUGINFOD_URLS=https://debuginfod.ubuntu.com LD_LIBRARY_PATH=/home/mrg/mocap4r2_ws/install/mocap4r2_control/lib:/home/mrg/mocap4r2_ws/install/mocap4r2_msgs/lib:/home/mrg/mocap4r2_ws/install/mocap4r2_control_msgs/lib:${LD_LIBRARY_PATH} PYTHONPATH=/home/mrg/mocap4r2_ws/install/mocap4r2_msgs/lib/python3.12/site-packages:/home/mrg/mocap4r2_ws/install/mocap4r2_control_msgs/lib/python3.12/site-packages:${PYTHONPATH} /usr/bin/cmake /home/mrg/mocap4r2_ws/src/mocap4r2/mocap4r2_dummy_driver -DAMENT_CMAKE_SYMLINK_INSTALL=1 -DCMAKE_INSTALL_PREFIX=/home/mrg/mocap4r2_ws/install/mocap4r2_dummy_driver
[1.489s] Invoking command in '/home/mrg/mocap4r2_ws/build/mocap4r2_dummy_driver': AMENT_PREFIX_PATH=/home/mrg/mocap4r2_ws/install/mocap4r2_control:/home/mrg/mocap4r2_ws/install/mocap4r2_msgs:/home/mrg/mocap4r2_ws/install/mocap4r2_control_msgs:${AMENT_PREFIX_PATH} CMAKE_PREFIX_PATH=/home/mrg/mocap4r2_ws/install/mocap4r2_control:/home/mrg/mocap4r2_ws/install/mocap4r2_msgs:/home/mrg/mocap4r2_ws/install/mocap4r2_control_msgs:/opt/ros/jazzy/opt/gz_math_vendor:/opt/ros/jazzy/opt/gz_utils_vendor:/opt/ros/jazzy/opt/gz_cmake_vendor:/opt/ros/jazzy DEBUGINFOD_URLS=https://debuginfod.ubuntu.com LD_LIBRARY_PATH=/home/mrg/mocap4r2_ws/install/mocap4r2_control/lib:/home/mrg/mocap4r2_ws/install/mocap4r2_msgs/lib:/home/mrg/mocap4r2_ws/install/mocap4r2_control_msgs/lib:${LD_LIBRARY_PATH} PYTHONPATH=/home/mrg/mocap4r2_ws/install/mocap4r2_msgs/lib/python3.12/site-packages:/home/mrg/mocap4r2_ws/install/mocap4r2_control_msgs/lib/python3.12/site-packages:${PYTHONPATH} /usr/bin/cmake --build /home/mrg/mocap4r2_ws/build/mocap4r2_dummy_driver -- -j20 -l20
[1.554s] [ 25%] [32mBuilding CXX object CMakeFiles/mocap4r2_dummy_driver.dir/src/mocap4r2_dummy_driver/mocap4r2_dummy_driver.cpp.o[0m
[10.351s] [ 50%] [32m[1mLinking CXX static library libmocap4r2_dummy_driver.a[0m
[10.464s] [ 50%] Built target mocap4r2_dummy_driver
[10.509s] [ 75%] [32mBuilding CXX object CMakeFiles/mocap4r2_dummy_driver_main.dir/src/mocap4r2_dummy_driver_main.cpp.o[0m
[14.779s] [100%] [32m[1mLinking CXX executable mocap4r2_dummy_driver_main[0m
[15.288s] [100%] Built target mocap4r2_dummy_driver_main
[15.304s] Invoked command in '/home/mrg/mocap4r2_ws/build/mocap4r2_dummy_driver' returned '0': AMENT_PREFIX_PATH=/home/mrg/mocap4r2_ws/install/mocap4r2_control:/home/mrg/mocap4r2_ws/install/mocap4r2_msgs:/home/mrg/mocap4r2_ws/install/mocap4r2_control_msgs:${AMENT_PREFIX_PATH} CMAKE_PREFIX_PATH=/home/mrg/mocap4r2_ws/install/mocap4r2_control:/home/mrg/mocap4r2_ws/install/mocap4r2_msgs:/home/mrg/mocap4r2_ws/install/mocap4r2_control_msgs:/opt/ros/jazzy/opt/gz_math_vendor:/opt/ros/jazzy/opt/gz_utils_vendor:/opt/ros/jazzy/opt/gz_cmake_vendor:/opt/ros/jazzy DEBUGINFOD_URLS=https://debuginfod.ubuntu.com LD_LIBRARY_PATH=/home/mrg/mocap4r2_ws/install/mocap4r2_control/lib:/home/mrg/mocap4r2_ws/install/mocap4r2_msgs/lib:/home/mrg/mocap4r2_ws/install/mocap4r2_control_msgs/lib:${LD_LIBRARY_PATH} PYTHONPATH=/home/mrg/mocap4r2_ws/install/mocap4r2_msgs/lib/python3.12/site-packages:/home/mrg/mocap4r2_ws/install/mocap4r2_control_msgs/lib/python3.12/site-packages:${PYTHONPATH} /usr/bin/cmake --build /home/mrg/mocap4r2_ws/build/mocap4r2_dummy_driver -- -j20 -l20
[15.305s] Invoking command in '/home/mrg/mocap4r2_ws/build/mocap4r2_dummy_driver': AMENT_PREFIX_PATH=/home/mrg/mocap4r2_ws/install/mocap4r2_control:/home/mrg/mocap4r2_ws/install/mocap4r2_msgs:/home/mrg/mocap4r2_ws/install/mocap4r2_control_msgs:${AMENT_PREFIX_PATH} CMAKE_PREFIX_PATH=/home/mrg/mocap4r2_ws/install/mocap4r2_control:/home/mrg/mocap4r2_ws/install/mocap4r2_msgs:/home/mrg/mocap4r2_ws/install/mocap4r2_control_msgs:/opt/ros/jazzy/opt/gz_math_vendor:/opt/ros/jazzy/opt/gz_utils_vendor:/opt/ros/jazzy/opt/gz_cmake_vendor:/opt/ros/jazzy DEBUGINFOD_URLS=https://debuginfod.ubuntu.com LD_LIBRARY_PATH=/home/mrg/mocap4r2_ws/install/mocap4r2_control/lib:/home/mrg/mocap4r2_ws/install/mocap4r2_msgs/lib:/home/mrg/mocap4r2_ws/install/mocap4r2_control_msgs/lib:${LD_LIBRARY_PATH} PYTHONPATH=/home/mrg/mocap4r2_ws/install/mocap4r2_msgs/lib/python3.12/site-packages:/home/mrg/mocap4r2_ws/install/mocap4r2_control_msgs/lib/python3.12/site-packages:${PYTHONPATH} /usr/bin/cmake --install /home/mrg/mocap4r2_ws/build/mocap4r2_dummy_driver
[15.319s] -- Install configuration: ""
[15.320s] -- Execute custom install script
[15.320s] -- Symlinking: /home/mrg/mocap4r2_ws/install/mocap4r2_dummy_driver/share/mocap4r2_dummy_driver/launch/dummy.launch.py
[15.335s] -- Symlinking: /home/mrg/mocap4r2_ws/install/mocap4r2_dummy_driver/lib/libmocap4r2_dummy_driver.a
[15.350s] -- Symlinking: /home/mrg/mocap4r2_ws/install/mocap4r2_dummy_driver/lib/mocap4r2_dummy_driver/mocap4r2_dummy_driver_main
[15.363s] -- Symlinking: /home/mrg/mocap4r2_ws/install/mocap4r2_dummy_driver/share/ament_index/resource_index/package_run_dependencies/mocap4r2_dummy_driver
[15.377s] -- Symlinking: /home/mrg/mocap4r2_ws/install/mocap4r2_dummy_driver/share/ament_index/resource_index/parent_prefix_path/mocap4r2_dummy_driver
[15.391s] -- Symlinking: /home/mrg/mocap4r2_ws/install/mocap4r2_dummy_driver/share/mocap4r2_dummy_driver/environment/ament_prefix_path.sh
[15.403s] -- Symlinking: /home/mrg/mocap4r2_ws/install/mocap4r2_dummy_driver/share/mocap4r2_dummy_driver/environment/ament_prefix_path.dsv
[15.416s] -- Symlinking: /home/mrg/mocap4r2_ws/install/mocap4r2_dummy_driver/share/mocap4r2_dummy_driver/environment/path.sh
[15.428s] -- Symlinking: /home/mrg/mocap4r2_ws/install/mocap4r2_dummy_driver/share/mocap4r2_dummy_driver/environment/path.dsv
[15.443s] -- Symlinking: /home/mrg/mocap4r2_ws/install/mocap4r2_dummy_driver/share/mocap4r2_dummy_driver/local_setup.bash
[15.460s] -- Symlinking: /home/mrg/mocap4r2_ws/install/mocap4r2_dummy_driver/share/mocap4r2_dummy_driver/local_setup.sh
[15.472s] -- Symlinking: /home/mrg/mocap4r2_ws/install/mocap4r2_dummy_driver/share/mocap4r2_dummy_driver/local_setup.zsh
[15.488s] -- Symlinking: /home/mrg/mocap4r2_ws/install/mocap4r2_dummy_driver/share/mocap4r2_dummy_driver/local_setup.dsv
[15.500s] -- Symlinking: /home/mrg/mocap4r2_ws/install/mocap4r2_dummy_driver/share/mocap4r2_dummy_driver/package.dsv
[15.513s] -- Symlinking: /home/mrg/mocap4r2_ws/install/mocap4r2_dummy_driver/share/ament_index/resource_index/packages/mocap4r2_dummy_driver
[15.525s] -- Symlinking: /home/mrg/mocap4r2_ws/install/mocap4r2_dummy_driver/share/mocap4r2_dummy_driver/cmake/ament_cmake_export_dependencies-extras.cmake
[15.541s] -- Symlinking: /home/mrg/mocap4r2_ws/install/mocap4r2_dummy_driver/share/mocap4r2_dummy_driver/cmake/mocap4r2_dummy_driverConfig.cmake
[15.553s] -- Symlinking: /home/mrg/mocap4r2_ws/install/mocap4r2_dummy_driver/share/mocap4r2_dummy_driver/cmake/mocap4r2_dummy_driverConfig-version.cmake
[15.567s] -- Symlinking: /home/mrg/mocap4r2_ws/install/mocap4r2_dummy_driver/share/mocap4r2_dummy_driver/package.xml
[15.586s] Invoked command in '/home/mrg/mocap4r2_ws/build/mocap4r2_dummy_driver' returned '0': AMENT_PREFIX_PATH=/home/mrg/mocap4r2_ws/install/mocap4r2_control:/home/mrg/mocap4r2_ws/install/mocap4r2_msgs:/home/mrg/mocap4r2_ws/install/mocap4r2_control_msgs:${AMENT_PREFIX_PATH} CMAKE_PREFIX_PATH=/home/mrg/mocap4r2_ws/install/mocap4r2_control:/home/mrg/mocap4r2_ws/install/mocap4r2_msgs:/home/mrg/mocap4r2_ws/install/mocap4r2_control_msgs:/opt/ros/jazzy/opt/gz_math_vendor:/opt/ros/jazzy/opt/gz_utils_vendor:/opt/ros/jazzy/opt/gz_cmake_vendor:/opt/ros/jazzy DEBUGINFOD_URLS=https://debuginfod.ubuntu.com LD_LIBRARY_PATH=/home/mrg/mocap4r2_ws/install/mocap4r2_control/lib:/home/mrg/mocap4r2_ws/install/mocap4r2_msgs/lib:/home/mrg/mocap4r2_ws/install/mocap4r2_control_msgs/lib:${LD_LIBRARY_PATH} PYTHONPATH=/home/mrg/mocap4r2_ws/install/mocap4r2_msgs/lib/python3.12/site-packages:/home/mrg/mocap4r2_ws/install/mocap4r2_control_msgs/lib/python3.12/site-packages:${PYTHONPATH} /usr/bin/cmake --install /home/mrg/mocap4r2_ws/build/mocap4r2_dummy_driver
