[0.022s] Invoking command in '/home/mrg/mocap4r2_ws/build/mocap4r2_robot_gt': AMENT_PREFIX_PATH=/home/mrg/mocap4r2_ws/install/mocap4r2_robot_gt_msgs:/home/mrg/mocap4r2_ws/install/mocap4r2_msgs:${AMENT_PREFIX_PATH} CMAKE_PREFIX_PATH=/home/mrg/mocap4r2_ws/install/mocap4r2_robot_gt_msgs:/home/mrg/mocap4r2_ws/install/mocap4r2_msgs:/opt/ros/jazzy/opt/gz_math_vendor:/opt/ros/jazzy/opt/gz_utils_vendor:/opt/ros/jazzy/opt/gz_cmake_vendor:/opt/ros/jazzy DEBUGINFOD_URLS=https://debuginfod.ubuntu.com LD_LIBRARY_PATH=/home/mrg/mocap4r2_ws/install/mocap4r2_robot_gt_msgs/lib:/home/mrg/mocap4r2_ws/install/mocap4r2_msgs/lib:${LD_LIBRARY_PATH} PYTHONPATH=/home/mrg/mocap4r2_ws/install/mocap4r2_robot_gt_msgs/lib/python3.12/site-packages:/home/mrg/mocap4r2_ws/install/mocap4r2_msgs/lib/python3.12/site-packages:${PYTHONPATH} /usr/bin/cmake /home/mrg/mocap4r2_ws/src/mocap4r2/mocap4r2_robot_gt/mocap4r2_robot_gt -DAMENT_CMAKE_SYMLINK_INSTALL=1 -DCMAKE_INSTALL_PREFIX=/home/mrg/mocap4r2_ws/install/mocap4r2_robot_gt
[0.133s] -- The C compiler identification is GNU 13.3.0
[0.275s] -- The CXX compiler identification is GNU 13.3.0
[0.317s] -- Detecting C compiler ABI info
[0.501s] -- Detecting C compiler ABI info - done
[0.523s] -- Check for working C compiler: /usr/bin/cc - skipped
[0.523s] -- Detecting C compile features
[0.524s] -- Detecting C compile features - done
[0.544s] -- Detecting CXX compiler ABI info
[0.765s] -- Detecting CXX compiler ABI info - done
[0.803s] -- Check for working CXX compiler: /usr/bin/c++ - skipped
[0.804s] -- Detecting CXX compile features
[0.805s] -- Detecting CXX compile features - done
[0.810s] -- Found ament_cmake: 2.5.6 (/opt/ros/jazzy/share/ament_cmake/cmake)
[1.198s] -- Found Python3: /usr/bin/python3 (found version "3.12.3") found components: Interpreter 
[1.465s] -- Override CMake install command with custom implementation using symlinks instead of copying resources
[1.521s] -- Found rclcpp: 28.1.18 (/opt/ros/jazzy/share/rclcpp/cmake)
[1.600s] -- Found rosidl_generator_c: 4.6.7 (/opt/ros/jazzy/share/rosidl_generator_c/cmake)
[1.627s] -- Found rosidl_generator_cpp: 4.6.7 (/opt/ros/jazzy/share/rosidl_generator_cpp/cmake)
[1.677s] -- Using all available rosidl_typesupport_c: rosidl_typesupport_fastrtps_c;rosidl_typesupport_introspection_c
[1.752s] -- Using all available rosidl_typesupport_cpp: rosidl_typesupport_fastrtps_cpp;rosidl_typesupport_introspection_cpp
[1.924s] -- Found rmw_implementation_cmake: 7.3.3 (/opt/ros/jazzy/share/rmw_implementation_cmake/cmake)
[1.931s] -- Found rmw_fastrtps_cpp: 8.4.3 (/opt/ros/jazzy/share/rmw_fastrtps_cpp/cmake)
[2.144s] -- Found OpenSSL: /usr/lib/x86_64-linux-gnu/libcrypto.so (found version "3.0.13")  
[2.193s] -- Found FastRTPS: /opt/ros/jazzy/include (Required is at least version "2.13") 
[2.265s] -- Using RMW implementation 'rmw_fastrtps_cpp' as default
[2.447s] -- Found rclcpp_components: 28.1.18 (/opt/ros/jazzy/share/rclcpp_components/cmake)
[2.531s] -- Found mocap4r2_msgs: 0.2.0 (/home/mrg/mocap4r2_ws/install/mocap4r2_msgs/share/mocap4r2_msgs/cmake)
[2.671s] -- Found mocap4r2_robot_gt_msgs: 0.0.7 (/home/mrg/mocap4r2_ws/install/mocap4r2_robot_gt_msgs/share/mocap4r2_robot_gt_msgs/cmake)
[2.739s] -- Found tf2_ros: 0.36.20 (/opt/ros/jazzy/share/tf2_ros/cmake)
[2.972s] -- Found tf2_geometry_msgs: 0.36.20 (/opt/ros/jazzy/share/tf2_geometry_msgs/cmake)
[3.004s] -- Found eigen3_cmake_module: 0.3.0 (/opt/ros/jazzy/share/eigen3_cmake_module/cmake)
[3.009s] -- Found Eigen3: TRUE (found version "3.4.0") 
[3.009s] -- Ensuring Eigen3 include directory is part of orocos-kdl CMake target
[3.038s] -- Found ament_lint_auto: 0.17.5 (/opt/ros/jazzy/share/ament_lint_auto/cmake)
[3.288s] -- Added test 'cppcheck' to perform static code analysis on C / C++ code
[3.290s] -- Configured cppcheck include dirs: /home/mrg/mocap4r2_ws/src/mocap4r2/mocap4r2_robot_gt/mocap4r2_robot_gt/include
[3.291s] -- Configured cppcheck exclude dirs and/or files: 
[3.294s] -- Added test 'lint_cmake' to check CMake code style
[3.299s] -- Added test 'uncrustify' to check C / C++ code style
[3.300s] -- Configured uncrustify additional arguments: 
[3.302s] -- Added test 'xmllint' to check XML markup files
[3.309s] -- Configuring done (3.3s)
[3.384s] -- Generating done (0.1s)
[3.408s] -- Build files have been written to: /home/mrg/mocap4r2_ws/build/mocap4r2_robot_gt
[3.432s] Invoked command in '/home/mrg/mocap4r2_ws/build/mocap4r2_robot_gt' returned '0': AMENT_PREFIX_PATH=/home/mrg/mocap4r2_ws/install/mocap4r2_robot_gt_msgs:/home/mrg/mocap4r2_ws/install/mocap4r2_msgs:${AMENT_PREFIX_PATH} CMAKE_PREFIX_PATH=/home/mrg/mocap4r2_ws/install/mocap4r2_robot_gt_msgs:/home/mrg/mocap4r2_ws/install/mocap4r2_msgs:/opt/ros/jazzy/opt/gz_math_vendor:/opt/ros/jazzy/opt/gz_utils_vendor:/opt/ros/jazzy/opt/gz_cmake_vendor:/opt/ros/jazzy DEBUGINFOD_URLS=https://debuginfod.ubuntu.com LD_LIBRARY_PATH=/home/mrg/mocap4r2_ws/install/mocap4r2_robot_gt_msgs/lib:/home/mrg/mocap4r2_ws/install/mocap4r2_msgs/lib:${LD_LIBRARY_PATH} PYTHONPATH=/home/mrg/mocap4r2_ws/install/mocap4r2_robot_gt_msgs/lib/python3.12/site-packages:/home/mrg/mocap4r2_ws/install/mocap4r2_msgs/lib/python3.12/site-packages:${PYTHONPATH} /usr/bin/cmake /home/mrg/mocap4r2_ws/src/mocap4r2/mocap4r2_robot_gt/mocap4r2_robot_gt -DAMENT_CMAKE_SYMLINK_INSTALL=1 -DCMAKE_INSTALL_PREFIX=/home/mrg/mocap4r2_ws/install/mocap4r2_robot_gt
[3.435s] Invoking command in '/home/mrg/mocap4r2_ws/build/mocap4r2_robot_gt': AMENT_PREFIX_PATH=/home/mrg/mocap4r2_ws/install/mocap4r2_robot_gt_msgs:/home/mrg/mocap4r2_ws/install/mocap4r2_msgs:${AMENT_PREFIX_PATH} CMAKE_PREFIX_PATH=/home/mrg/mocap4r2_ws/install/mocap4r2_robot_gt_msgs:/home/mrg/mocap4r2_ws/install/mocap4r2_msgs:/opt/ros/jazzy/opt/gz_math_vendor:/opt/ros/jazzy/opt/gz_utils_vendor:/opt/ros/jazzy/opt/gz_cmake_vendor:/opt/ros/jazzy DEBUGINFOD_URLS=https://debuginfod.ubuntu.com LD_LIBRARY_PATH=/home/mrg/mocap4r2_ws/install/mocap4r2_robot_gt_msgs/lib:/home/mrg/mocap4r2_ws/install/mocap4r2_msgs/lib:${LD_LIBRARY_PATH} PYTHONPATH=/home/mrg/mocap4r2_ws/install/mocap4r2_robot_gt_msgs/lib/python3.12/site-packages:/home/mrg/mocap4r2_ws/install/mocap4r2_msgs/lib/python3.12/site-packages:${PYTHONPATH} /usr/bin/cmake --build /home/mrg/mocap4r2_ws/build/mocap4r2_robot_gt -- -j20 -l20
[3.546s] [ 12%] [32mBuilding CXX object CMakeFiles/gt_component.dir/src/mocap4r2_robot_gt/gt_component.cpp.o[0m
[3.553s] [ 25%] [32mBuilding CXX object CMakeFiles/set_gt_component.dir/src/mocap4r2_robot_gt/set_gt_component.cpp.o[0m
[12.405s] [ 37%] [32m[1mLinking CXX shared library libset_gt_component.so[0m
[12.762s] [ 37%] Built target set_gt_component
[12.810s] [ 50%] [32mBuilding CXX object CMakeFiles/set_gt_cli.dir/src/set_gt_cli.cpp.o[0m
[18.141s] [ 62%] [32m[1mLinking CXX executable set_gt_cli[0m
[18.427s] [ 62%] Built target set_gt_cli
[21.739s] [ 75%] [32m[1mLinking CXX shared library libgt_component.so[0m
[22.386s] [ 75%] Built target gt_component
[22.431s] [ 87%] [32mBuilding CXX object CMakeFiles/gt_program.dir/src/gt_program.cpp.o[0m
[27.177s] [100%] [32m[1mLinking CXX executable gt_program[0m
[27.585s] [100%] Built target gt_program
[27.608s] Invoked command in '/home/mrg/mocap4r2_ws/build/mocap4r2_robot_gt' returned '0': AMENT_PREFIX_PATH=/home/mrg/mocap4r2_ws/install/mocap4r2_robot_gt_msgs:/home/mrg/mocap4r2_ws/install/mocap4r2_msgs:${AMENT_PREFIX_PATH} CMAKE_PREFIX_PATH=/home/mrg/mocap4r2_ws/install/mocap4r2_robot_gt_msgs:/home/mrg/mocap4r2_ws/install/mocap4r2_msgs:/opt/ros/jazzy/opt/gz_math_vendor:/opt/ros/jazzy/opt/gz_utils_vendor:/opt/ros/jazzy/opt/gz_cmake_vendor:/opt/ros/jazzy DEBUGINFOD_URLS=https://debuginfod.ubuntu.com LD_LIBRARY_PATH=/home/mrg/mocap4r2_ws/install/mocap4r2_robot_gt_msgs/lib:/home/mrg/mocap4r2_ws/install/mocap4r2_msgs/lib:${LD_LIBRARY_PATH} PYTHONPATH=/home/mrg/mocap4r2_ws/install/mocap4r2_robot_gt_msgs/lib/python3.12/site-packages:/home/mrg/mocap4r2_ws/install/mocap4r2_msgs/lib/python3.12/site-packages:${PYTHONPATH} /usr/bin/cmake --build /home/mrg/mocap4r2_ws/build/mocap4r2_robot_gt -- -j20 -l20
[27.610s] Invoking command in '/home/mrg/mocap4r2_ws/build/mocap4r2_robot_gt': AMENT_PREFIX_PATH=/home/mrg/mocap4r2_ws/install/mocap4r2_robot_gt_msgs:/home/mrg/mocap4r2_ws/install/mocap4r2_msgs:${AMENT_PREFIX_PATH} CMAKE_PREFIX_PATH=/home/mrg/mocap4r2_ws/install/mocap4r2_robot_gt_msgs:/home/mrg/mocap4r2_ws/install/mocap4r2_msgs:/opt/ros/jazzy/opt/gz_math_vendor:/opt/ros/jazzy/opt/gz_utils_vendor:/opt/ros/jazzy/opt/gz_cmake_vendor:/opt/ros/jazzy DEBUGINFOD_URLS=https://debuginfod.ubuntu.com LD_LIBRARY_PATH=/home/mrg/mocap4r2_ws/install/mocap4r2_robot_gt_msgs/lib:/home/mrg/mocap4r2_ws/install/mocap4r2_msgs/lib:${LD_LIBRARY_PATH} PYTHONPATH=/home/mrg/mocap4r2_ws/install/mocap4r2_robot_gt_msgs/lib/python3.12/site-packages:/home/mrg/mocap4r2_ws/install/mocap4r2_msgs/lib/python3.12/site-packages:${PYTHONPATH} /usr/bin/cmake --install /home/mrg/mocap4r2_ws/build/mocap4r2_robot_gt
[27.623s] -- Install configuration: ""
[27.623s] -- Execute custom install script
[27.624s] -- Symlinking: /home/mrg/mocap4r2_ws/install/mocap4r2_robot_gt/lib/libgt_component.so
[27.642s] -- Symlinking: /home/mrg/mocap4r2_ws/install/mocap4r2_robot_gt/lib/mocap4r2_robot_gt/gt_program
[27.656s] -- Symlinking: /home/mrg/mocap4r2_ws/install/mocap4r2_robot_gt/lib/libset_gt_component.so
[27.674s] -- Symlinking: /home/mrg/mocap4r2_ws/install/mocap4r2_robot_gt/lib/mocap4r2_robot_gt/set_gt_cli
[27.691s] -- Symlinking: /home/mrg/mocap4r2_ws/install/mocap4r2_robot_gt/share/ament_index/resource_index/package_run_dependencies/mocap4r2_robot_gt
[27.706s] -- Symlinking: /home/mrg/mocap4r2_ws/install/mocap4r2_robot_gt/share/ament_index/resource_index/parent_prefix_path/mocap4r2_robot_gt
[27.718s] -- Symlinking: /home/mrg/mocap4r2_ws/install/mocap4r2_robot_gt/share/mocap4r2_robot_gt/environment/ament_prefix_path.sh
[27.735s] -- Symlinking: /home/mrg/mocap4r2_ws/install/mocap4r2_robot_gt/share/mocap4r2_robot_gt/environment/ament_prefix_path.dsv
[27.749s] -- Symlinking: /home/mrg/mocap4r2_ws/install/mocap4r2_robot_gt/share/mocap4r2_robot_gt/environment/path.sh
[27.765s] -- Symlinking: /home/mrg/mocap4r2_ws/install/mocap4r2_robot_gt/share/mocap4r2_robot_gt/environment/path.dsv
[27.782s] -- Symlinking: /home/mrg/mocap4r2_ws/install/mocap4r2_robot_gt/share/mocap4r2_robot_gt/local_setup.bash
[27.796s] -- Symlinking: /home/mrg/mocap4r2_ws/install/mocap4r2_robot_gt/share/mocap4r2_robot_gt/local_setup.sh
[27.813s] -- Symlinking: /home/mrg/mocap4r2_ws/install/mocap4r2_robot_gt/share/mocap4r2_robot_gt/local_setup.zsh
[27.831s] -- Symlinking: /home/mrg/mocap4r2_ws/install/mocap4r2_robot_gt/share/mocap4r2_robot_gt/local_setup.dsv
[27.849s] -- Symlinking: /home/mrg/mocap4r2_ws/install/mocap4r2_robot_gt/share/mocap4r2_robot_gt/package.dsv
[27.861s] -- Symlinking: /home/mrg/mocap4r2_ws/install/mocap4r2_robot_gt/share/ament_index/resource_index/packages/mocap4r2_robot_gt
[27.878s] -- Symlinking: /home/mrg/mocap4r2_ws/install/mocap4r2_robot_gt/share/ament_index/resource_index/rclcpp_components/mocap4r2_robot_gt
[27.890s] -- Symlinking: /home/mrg/mocap4r2_ws/install/mocap4r2_robot_gt/share/mocap4r2_robot_gt/cmake/mocap4r2_robot_gtConfig.cmake
[27.902s] -- Symlinking: /home/mrg/mocap4r2_ws/install/mocap4r2_robot_gt/share/mocap4r2_robot_gt/cmake/mocap4r2_robot_gtConfig-version.cmake
[27.917s] -- Symlinking: /home/mrg/mocap4r2_ws/install/mocap4r2_robot_gt/share/mocap4r2_robot_gt/package.xml
[27.933s] Invoked command in '/home/mrg/mocap4r2_ws/build/mocap4r2_robot_gt' returned '0': AMENT_PREFIX_PATH=/home/mrg/mocap4r2_ws/install/mocap4r2_robot_gt_msgs:/home/mrg/mocap4r2_ws/install/mocap4r2_msgs:${AMENT_PREFIX_PATH} CMAKE_PREFIX_PATH=/home/mrg/mocap4r2_ws/install/mocap4r2_robot_gt_msgs:/home/mrg/mocap4r2_ws/install/mocap4r2_msgs:/opt/ros/jazzy/opt/gz_math_vendor:/opt/ros/jazzy/opt/gz_utils_vendor:/opt/ros/jazzy/opt/gz_cmake_vendor:/opt/ros/jazzy DEBUGINFOD_URLS=https://debuginfod.ubuntu.com LD_LIBRARY_PATH=/home/mrg/mocap4r2_ws/install/mocap4r2_robot_gt_msgs/lib:/home/mrg/mocap4r2_ws/install/mocap4r2_msgs/lib:${LD_LIBRARY_PATH} PYTHONPATH=/home/mrg/mocap4r2_ws/install/mocap4r2_robot_gt_msgs/lib/python3.12/site-packages:/home/mrg/mocap4r2_ws/install/mocap4r2_msgs/lib/python3.12/site-packages:${PYTHONPATH} /usr/bin/cmake --install /home/mrg/mocap4r2_ws/build/mocap4r2_robot_gt
