[0.028s] Invoking command in '/home/mrg/mocap4r2_ws/build/mocap4r2_control': AMENT_PREFIX_PATH=/home/mrg/mocap4r2_ws/install/mocap4r2_control_msgs:${AMENT_PREFIX_PATH} CMAKE_PREFIX_PATH=/home/mrg/mocap4r2_ws/install/mocap4r2_control_msgs:/opt/ros/jazzy/opt/gz_math_vendor:/opt/ros/jazzy/opt/gz_utils_vendor:/opt/ros/jazzy/opt/gz_cmake_vendor:/opt/ros/jazzy DEBUGINFOD_URLS=https://debuginfod.ubuntu.com LD_LIBRARY_PATH=/home/mrg/mocap4r2_ws/install/mocap4r2_control_msgs/lib:${LD_LIBRARY_PATH} PYTHONPATH=/home/mrg/mocap4r2_ws/install/mocap4r2_control_msgs/lib/python3.12/site-packages:${PYTHONPATH} /usr/bin/cmake /home/mrg/mocap4r2_ws/src/mocap4r2/mocap4r2_control/mocap4r2_control -DAMENT_CMAKE_SYMLINK_INSTALL=1 -DCMAKE_INSTALL_PREFIX=/home/mrg/mocap4r2_ws/install/mocap4r2_control
[0.160s] -- The C compiler identification is GNU 13.3.0
[0.288s] -- The CXX compiler identification is GNU 13.3.0
[0.335s] -- Detecting C compiler ABI info
[0.533s] -- Detecting C compiler ABI info - done
[0.561s] -- Check for working C compiler: /usr/bin/cc - skipped
[0.562s] -- Detecting C compile features
[0.563s] -- Detecting C compile features - done
[0.589s] -- Detecting CXX compiler ABI info
[0.836s] -- Detecting CXX compiler ABI info - done
[0.856s] -- Check for working CXX compiler: /usr/bin/c++ - skipped
[0.857s] -- Detecting CXX compile features
[0.857s] -- Detecting CXX compile features - done
[0.862s] -- Found ament_cmake: 2.5.6 (/opt/ros/jazzy/share/ament_cmake/cmake)
[1.175s] -- Found Python3: /usr/bin/python3 (found version "3.12.3") found components: Interpreter 
[1.326s] -- Override CMake install command with custom implementation using symlinks instead of copying resources
[1.371s] -- Found rclcpp: 28.1.18 (/opt/ros/jazzy/share/rclcpp/cmake)
[1.437s] -- Found rosidl_generator_c: 4.6.7 (/opt/ros/jazzy/share/rosidl_generator_c/cmake)
[1.459s] -- Found rosidl_generator_cpp: 4.6.7 (/opt/ros/jazzy/share/rosidl_generator_cpp/cmake)
[1.485s] -- Using all available rosidl_typesupport_c: rosidl_typesupport_fastrtps_c;rosidl_typesupport_introspection_c
[1.516s] -- Using all available rosidl_typesupport_cpp: rosidl_typesupport_fastrtps_cpp;rosidl_typesupport_introspection_cpp
[1.649s] -- Found rmw_implementation_cmake: 7.3.3 (/opt/ros/jazzy/share/rmw_implementation_cmake/cmake)
[1.654s] -- Found rmw_fastrtps_cpp: 8.4.3 (/opt/ros/jazzy/share/rmw_fastrtps_cpp/cmake)
[1.795s] -- Found OpenSSL: /usr/lib/x86_64-linux-gnu/libcrypto.so (found version "3.0.13")  
[1.836s] -- Found FastRTPS: /opt/ros/jazzy/include (Required is at least version "2.13") 
[1.878s] -- Using RMW implementation 'rmw_fastrtps_cpp' as default
[2.004s] -- Found rclcpp_lifecycle: 28.1.18 (/opt/ros/jazzy/share/rclcpp_lifecycle/cmake)
[2.055s] -- Found mocap4r2_control_msgs: 0.0.7 (/home/mrg/mocap4r2_ws/install/mocap4r2_control_msgs/share/mocap4r2_control_msgs/cmake)
[2.147s] -- Found ament_lint_auto: 0.17.5 (/opt/ros/jazzy/share/ament_lint_auto/cmake)
[2.336s] -- Found gtest sources under '/opt/ros/jazzy/src/gtest_vendor': C++ tests using 'Google Test' will be built
[2.339s] -- Performing Test CMAKE_HAVE_LIBC_PTHREAD
[2.475s] -- Performing Test CMAKE_HAVE_LIBC_PTHREAD - Success
[2.478s] -- Found Threads: TRUE  
[2.496s] -- Added test 'copyright' to check source files copyright and LICENSE
[2.498s] -- Added test 'cppcheck' to perform static code analysis on C / C++ code
[2.499s] -- Configured cppcheck include dirs: /home/mrg/mocap4r2_ws/src/mocap4r2/mocap4r2_control/mocap4r2_control/include
[2.499s] -- Configured cppcheck exclude dirs and/or files: 
[2.501s] -- Added test 'cpplint' to check C / C++ code against the Google style
[2.501s] -- Configured cpplint exclude dirs and/or files: 
[2.502s] -- Added test 'flake8' to check Python code syntax and style conventions
[2.502s] -- Configured 'flake8' exclude dirs and/or files: 
[2.503s] -- Added test 'lint_cmake' to check CMake code style
[2.503s] -- Added test 'pep257' to check Python code against some of the docstring style conventions in PEP 257
[2.505s] -- Added test 'uncrustify' to check C / C++ code style
[2.505s] -- Configured uncrustify additional arguments: 
[2.506s] -- Added test 'xmllint' to check XML markup files
[2.511s] -- Configuring done (2.5s)
[2.551s] -- Generating done (0.0s)
[2.566s] -- Build files have been written to: /home/mrg/mocap4r2_ws/build/mocap4r2_control
[2.586s] Invoked command in '/home/mrg/mocap4r2_ws/build/mocap4r2_control' returned '0': AMENT_PREFIX_PATH=/home/mrg/mocap4r2_ws/install/mocap4r2_control_msgs:${AMENT_PREFIX_PATH} CMAKE_PREFIX_PATH=/home/mrg/mocap4r2_ws/install/mocap4r2_control_msgs:/opt/ros/jazzy/opt/gz_math_vendor:/opt/ros/jazzy/opt/gz_utils_vendor:/opt/ros/jazzy/opt/gz_cmake_vendor:/opt/ros/jazzy DEBUGINFOD_URLS=https://debuginfod.ubuntu.com LD_LIBRARY_PATH=/home/mrg/mocap4r2_ws/install/mocap4r2_control_msgs/lib:${LD_LIBRARY_PATH} PYTHONPATH=/home/mrg/mocap4r2_ws/install/mocap4r2_control_msgs/lib/python3.12/site-packages:${PYTHONPATH} /usr/bin/cmake /home/mrg/mocap4r2_ws/src/mocap4r2/mocap4r2_control/mocap4r2_control -DAMENT_CMAKE_SYMLINK_INSTALL=1 -DCMAKE_INSTALL_PREFIX=/home/mrg/mocap4r2_ws/install/mocap4r2_control
[2.587s] Invoking command in '/home/mrg/mocap4r2_ws/build/mocap4r2_control': AMENT_PREFIX_PATH=/home/mrg/mocap4r2_ws/install/mocap4r2_control_msgs:${AMENT_PREFIX_PATH} CMAKE_PREFIX_PATH=/home/mrg/mocap4r2_ws/install/mocap4r2_control_msgs:/opt/ros/jazzy/opt/gz_math_vendor:/opt/ros/jazzy/opt/gz_utils_vendor:/opt/ros/jazzy/opt/gz_cmake_vendor:/opt/ros/jazzy DEBUGINFOD_URLS=https://debuginfod.ubuntu.com LD_LIBRARY_PATH=/home/mrg/mocap4r2_ws/install/mocap4r2_control_msgs/lib:${LD_LIBRARY_PATH} PYTHONPATH=/home/mrg/mocap4r2_ws/install/mocap4r2_control_msgs/lib/python3.12/site-packages:${PYTHONPATH} /usr/bin/cmake --build /home/mrg/mocap4r2_ws/build/mocap4r2_control -- -j20 -l20
[2.678s] [  7%] [32mBuilding CXX object gtest/CMakeFiles/gtest.dir/src/gtest-all.cc.o[0m
[2.679s] [ 14%] [32mBuilding CXX object CMakeFiles/mocap4r2_control.dir/src/mocap4r2_control/ControllerNode.cpp.o[0m
[2.680s] [ 21%] [32mBuilding CXX object CMakeFiles/mocap4r2_control.dir/src/mocap4r2_control/ControlledLifecycleNode.cpp.o[0m
[2.680s] [ 28%] [32mBuilding CXX object CMakeFiles/mocap4r2_control.dir/src/mocap4r2_control/AuxiliarNode.cpp.o[0m
[2.683s] [ 35%] [32mBuilding CXX object gtest/CMakeFiles/gtest_main.dir/src/gtest_main.cc.o[0m
[3.781s] [ 42%] [32m[1mLinking CXX static library libgtest_main.a[0m
[3.846s] [ 42%] Built target gtest_main
[10.922s] [ 50%] [32m[1mLinking CXX static library libgtest.a[0m
[11.064s] [ 50%] Built target gtest
[20.055s] [ 57%] [32m[1mLinking CXX shared library libmocap4r2_control.so[0m
[20.631s] [ 57%] Built target mocap4r2_control
[20.669s] [ 64%] [32mBuilding CXX object test/CMakeFiles/test_auxiliar.dir/test_auxiliar.cpp.o[0m
[20.669s] [ 71%] [32mBuilding CXX object test/CMakeFiles/test_control.dir/test_control.cpp.o[0m
[20.671s] [ 78%] [32mBuilding CXX object CMakeFiles/auxiliar_main.dir/src/auxiliar_main.cpp.o[0m
[25.674s] [ 85%] [32m[1mLinking CXX executable auxiliar_main[0m
[26.102s] [ 85%] Built target auxiliar_main
[33.052s] [ 92%] [32m[1mLinking CXX executable test_auxiliar[0m
[33.630s] [ 92%] Built target test_auxiliar
[34.781s] [100%] [32m[1mLinking CXX executable test_control[0m
[35.201s] [100%] Built target test_control
[35.214s] Invoked command in '/home/mrg/mocap4r2_ws/build/mocap4r2_control' returned '0': AMENT_PREFIX_PATH=/home/mrg/mocap4r2_ws/install/mocap4r2_control_msgs:${AMENT_PREFIX_PATH} CMAKE_PREFIX_PATH=/home/mrg/mocap4r2_ws/install/mocap4r2_control_msgs:/opt/ros/jazzy/opt/gz_math_vendor:/opt/ros/jazzy/opt/gz_utils_vendor:/opt/ros/jazzy/opt/gz_cmake_vendor:/opt/ros/jazzy DEBUGINFOD_URLS=https://debuginfod.ubuntu.com LD_LIBRARY_PATH=/home/mrg/mocap4r2_ws/install/mocap4r2_control_msgs/lib:${LD_LIBRARY_PATH} PYTHONPATH=/home/mrg/mocap4r2_ws/install/mocap4r2_control_msgs/lib/python3.12/site-packages:${PYTHONPATH} /usr/bin/cmake --build /home/mrg/mocap4r2_ws/build/mocap4r2_control -- -j20 -l20
[35.216s] Invoking command in '/home/mrg/mocap4r2_ws/build/mocap4r2_control': AMENT_PREFIX_PATH=/home/mrg/mocap4r2_ws/install/mocap4r2_control_msgs:${AMENT_PREFIX_PATH} CMAKE_PREFIX_PATH=/home/mrg/mocap4r2_ws/install/mocap4r2_control_msgs:/opt/ros/jazzy/opt/gz_math_vendor:/opt/ros/jazzy/opt/gz_utils_vendor:/opt/ros/jazzy/opt/gz_cmake_vendor:/opt/ros/jazzy DEBUGINFOD_URLS=https://debuginfod.ubuntu.com LD_LIBRARY_PATH=/home/mrg/mocap4r2_ws/install/mocap4r2_control_msgs/lib:${LD_LIBRARY_PATH} PYTHONPATH=/home/mrg/mocap4r2_ws/install/mocap4r2_control_msgs/lib/python3.12/site-packages:${PYTHONPATH} /usr/bin/cmake --install /home/mrg/mocap4r2_ws/build/mocap4r2_control
[35.226s] -- Install configuration: ""
[35.227s] -- Execute custom install script
[35.227s] -- Symlinking: /home/mrg/mocap4r2_ws/install/mocap4r2_control/include//mocap4r2_control/AuxiliarNode.hpp
[35.236s] -- Symlinking: /home/mrg/mocap4r2_ws/install/mocap4r2_control/include//mocap4r2_control/ControlledLifecycleNode.hpp
[35.245s] -- Symlinking: /home/mrg/mocap4r2_ws/install/mocap4r2_control/include//mocap4r2_control/ControllerNode.hpp
[35.258s] -- Symlinking: /home/mrg/mocap4r2_ws/install/mocap4r2_control/share/mocap4r2_control/config/config_example.yaml
[35.271s] -- Symlinking: /home/mrg/mocap4r2_ws/install/mocap4r2_control/share/mocap4r2_control/launch/auxiliar.launch.py
[35.280s] -- Symlinking: /home/mrg/mocap4r2_ws/install/mocap4r2_control/lib/libmocap4r2_control.so
[35.291s] -- Symlinking: /home/mrg/mocap4r2_ws/install/mocap4r2_control/lib/mocap4r2_control/auxiliar_main
[35.302s] -- Symlinking: /home/mrg/mocap4r2_ws/install/mocap4r2_control/share/mocap4r2_control/environment/library_path.sh
[35.314s] -- Symlinking: /home/mrg/mocap4r2_ws/install/mocap4r2_control/share/mocap4r2_control/environment/library_path.dsv
[35.326s] -- Symlinking: /home/mrg/mocap4r2_ws/install/mocap4r2_control/share/ament_index/resource_index/package_run_dependencies/mocap4r2_control
[35.339s] -- Symlinking: /home/mrg/mocap4r2_ws/install/mocap4r2_control/share/ament_index/resource_index/parent_prefix_path/mocap4r2_control
[35.353s] -- Symlinking: /home/mrg/mocap4r2_ws/install/mocap4r2_control/share/mocap4r2_control/environment/ament_prefix_path.sh
[35.365s] -- Symlinking: /home/mrg/mocap4r2_ws/install/mocap4r2_control/share/mocap4r2_control/environment/ament_prefix_path.dsv
[35.381s] -- Symlinking: /home/mrg/mocap4r2_ws/install/mocap4r2_control/share/mocap4r2_control/environment/path.sh
[35.396s] -- Symlinking: /home/mrg/mocap4r2_ws/install/mocap4r2_control/share/mocap4r2_control/environment/path.dsv
[35.406s] -- Symlinking: /home/mrg/mocap4r2_ws/install/mocap4r2_control/share/mocap4r2_control/local_setup.bash
[35.419s] -- Symlinking: /home/mrg/mocap4r2_ws/install/mocap4r2_control/share/mocap4r2_control/local_setup.sh
[35.437s] -- Symlinking: /home/mrg/mocap4r2_ws/install/mocap4r2_control/share/mocap4r2_control/local_setup.zsh
[35.450s] -- Symlinking: /home/mrg/mocap4r2_ws/install/mocap4r2_control/share/mocap4r2_control/local_setup.dsv
[35.461s] -- Symlinking: /home/mrg/mocap4r2_ws/install/mocap4r2_control/share/mocap4r2_control/package.dsv
[35.471s] -- Symlinking: /home/mrg/mocap4r2_ws/install/mocap4r2_control/share/ament_index/resource_index/packages/mocap4r2_control
[35.484s] -- Symlinking: /home/mrg/mocap4r2_ws/install/mocap4r2_control/share/mocap4r2_control/cmake/ament_cmake_export_include_directories-extras.cmake
[35.493s] -- Symlinking: /home/mrg/mocap4r2_ws/install/mocap4r2_control/share/mocap4r2_control/cmake/ament_cmake_export_libraries-extras.cmake
[35.502s] -- Symlinking: /home/mrg/mocap4r2_ws/install/mocap4r2_control/share/mocap4r2_control/cmake/ament_cmake_export_dependencies-extras.cmake
[35.519s] -- Symlinking: /home/mrg/mocap4r2_ws/install/mocap4r2_control/share/mocap4r2_control/cmake/mocap4r2_controlConfig.cmake
[35.534s] -- Symlinking: /home/mrg/mocap4r2_ws/install/mocap4r2_control/share/mocap4r2_control/cmake/mocap4r2_controlConfig-version.cmake
[35.548s] -- Symlinking: /home/mrg/mocap4r2_ws/install/mocap4r2_control/share/mocap4r2_control/package.xml
[35.565s] Invoked command in '/home/mrg/mocap4r2_ws/build/mocap4r2_control' returned '0': AMENT_PREFIX_PATH=/home/mrg/mocap4r2_ws/install/mocap4r2_control_msgs:${AMENT_PREFIX_PATH} CMAKE_PREFIX_PATH=/home/mrg/mocap4r2_ws/install/mocap4r2_control_msgs:/opt/ros/jazzy/opt/gz_math_vendor:/opt/ros/jazzy/opt/gz_utils_vendor:/opt/ros/jazzy/opt/gz_cmake_vendor:/opt/ros/jazzy DEBUGINFOD_URLS=https://debuginfod.ubuntu.com LD_LIBRARY_PATH=/home/mrg/mocap4r2_ws/install/mocap4r2_control_msgs/lib:${LD_LIBRARY_PATH} PYTHONPATH=/home/mrg/mocap4r2_ws/install/mocap4r2_control_msgs/lib/python3.12/site-packages:${PYTHONPATH} /usr/bin/cmake --install /home/mrg/mocap4r2_ws/build/mocap4r2_control
