[0.026s] Invoking command in '/home/mrg/mocap4r2_ws/build/mocap4r2_marker_viz': AMENT_PREFIX_PATH=/home/mrg/mocap4r2_ws/install/mocap4r2_msgs:/home/mrg/mocap4r2_ws/install/mocap4r2_marker_viz_srvs:${AMENT_PREFIX_PATH} CMAKE_PREFIX_PATH=/home/mrg/mocap4r2_ws/install/mocap4r2_msgs:/home/mrg/mocap4r2_ws/install/mocap4r2_marker_viz_srvs:/opt/ros/jazzy/opt/gz_math_vendor:/opt/ros/jazzy/opt/gz_utils_vendor:/opt/ros/jazzy/opt/gz_cmake_vendor:/opt/ros/jazzy DEBUGINFOD_URLS=https://debuginfod.ubuntu.com LD_LIBRARY_PATH=/home/mrg/mocap4r2_ws/install/mocap4r2_msgs/lib:/home/mrg/mocap4r2_ws/install/mocap4r2_marker_viz_srvs/lib:${LD_LIBRARY_PATH} PYTHONPATH=/home/mrg/mocap4r2_ws/install/mocap4r2_msgs/lib/python3.12/site-packages:/home/mrg/mocap4r2_ws/install/mocap4r2_marker_viz_srvs/lib/python3.12/site-packages:${PYTHONPATH} /usr/bin/cmake /home/mrg/mocap4r2_ws/src/mocap4r2/mocap4r2_marker_viz/mocap4r2_marker_viz -DAMENT_CMAKE_SYMLINK_INSTALL=1 -DCMAKE_INSTALL_PREFIX=/home/mrg/mocap4r2_ws/install/mocap4r2_marker_viz
[0.149s] -- The C compiler identification is GNU 13.3.0
[0.273s] -- The CXX compiler identification is GNU 13.3.0
[0.321s] -- Detecting C compiler ABI info
[0.512s] -- Detecting C compiler ABI info - done
[0.534s] -- Check for working C compiler: /usr/bin/cc - skipped
[0.534s] -- Detecting C compile features
[0.535s] -- Detecting C compile features - done
[0.558s] -- Detecting CXX compiler ABI info
[0.757s] -- Detecting CXX compiler ABI info - done
[0.777s] -- Check for working CXX compiler: /usr/bin/c++ - skipped
[0.777s] -- Detecting CXX compile features
[0.779s] -- Detecting CXX compile features - done
[0.783s] -- Found ament_cmake: 2.5.6 (/opt/ros/jazzy/share/ament_cmake/cmake)
[1.159s] -- Found Python3: /usr/bin/python3 (found version "3.12.3") found components: Interpreter 
[1.345s] -- Override CMake install command with custom implementation using symlinks instead of copying resources
[1.402s] -- Found rclcpp: 28.1.18 (/opt/ros/jazzy/share/rclcpp/cmake)
[1.501s] -- Found rosidl_generator_c: 4.6.7 (/opt/ros/jazzy/share/rosidl_generator_c/cmake)
[1.529s] -- Found rosidl_generator_cpp: 4.6.7 (/opt/ros/jazzy/share/rosidl_generator_cpp/cmake)
[1.562s] -- Using all available rosidl_typesupport_c: rosidl_typesupport_fastrtps_c;rosidl_typesupport_introspection_c
[1.601s] -- Using all available rosidl_typesupport_cpp: rosidl_typesupport_fastrtps_cpp;rosidl_typesupport_introspection_cpp
[1.767s] -- Found rmw_implementation_cmake: 7.3.3 (/opt/ros/jazzy/share/rmw_implementation_cmake/cmake)
[1.772s] -- Found rmw_fastrtps_cpp: 8.4.3 (/opt/ros/jazzy/share/rmw_fastrtps_cpp/cmake)
[1.981s] -- Found OpenSSL: /usr/lib/x86_64-linux-gnu/libcrypto.so (found version "3.0.13")  
[2.066s] -- Found FastRTPS: /opt/ros/jazzy/include (Required is at least version "2.13") 
[2.133s] -- Using RMW implementation 'rmw_fastrtps_cpp' as default
[2.435s] -- Found mocap4r2_marker_viz_srvs: 0.0.7 (/home/mrg/mocap4r2_ws/install/mocap4r2_marker_viz_srvs/share/mocap4r2_marker_viz_srvs/cmake)
[2.572s] -- Found mocap4r2_msgs: 0.2.0 (/home/mrg/mocap4r2_ws/install/mocap4r2_msgs/share/mocap4r2_msgs/cmake)
[2.681s] -- Found visualization_msgs: 5.3.7 (/opt/ros/jazzy/share/visualization_msgs/cmake)
[2.830s] -- Found ament_lint_auto: 0.17.5 (/opt/ros/jazzy/share/ament_lint_auto/cmake)
[3.145s] -- Added test 'cppcheck' to perform static code analysis on C / C++ code
[3.146s] -- Configured cppcheck include dirs: $<BUILD_INTERFACE:/home/mrg/mocap4r2_ws/src/mocap4r2/mocap4r2_marker_viz/mocap4r2_marker_viz/include>
[3.146s] -- Configured cppcheck exclude dirs and/or files: 
[3.149s] -- Added test 'cpplint' to check C / C++ code against the Google style
[3.149s] -- Configured cpplint exclude dirs and/or files: 
[3.150s] -- Added test 'flake8' to check Python code syntax and style conventions
[3.150s] -- Configured 'flake8' exclude dirs and/or files: 
[3.152s] -- Added test 'lint_cmake' to check CMake code style
[3.153s] -- Added test 'pep257' to check Python code against some of the docstring style conventions in PEP 257
[3.156s] -- Added test 'uncrustify' to check C / C++ code style
[3.156s] -- Configured uncrustify additional arguments: 
[3.157s] -- Added test 'xmllint' to check XML markup files
[3.160s] -- Configuring done (3.1s)
[3.210s] -- Generating done (0.0s)
[3.226s] -- Build files have been written to: /home/mrg/mocap4r2_ws/build/mocap4r2_marker_viz
[3.247s] Invoked command in '/home/mrg/mocap4r2_ws/build/mocap4r2_marker_viz' returned '0': AMENT_PREFIX_PATH=/home/mrg/mocap4r2_ws/install/mocap4r2_msgs:/home/mrg/mocap4r2_ws/install/mocap4r2_marker_viz_srvs:${AMENT_PREFIX_PATH} CMAKE_PREFIX_PATH=/home/mrg/mocap4r2_ws/install/mocap4r2_msgs:/home/mrg/mocap4r2_ws/install/mocap4r2_marker_viz_srvs:/opt/ros/jazzy/opt/gz_math_vendor:/opt/ros/jazzy/opt/gz_utils_vendor:/opt/ros/jazzy/opt/gz_cmake_vendor:/opt/ros/jazzy DEBUGINFOD_URLS=https://debuginfod.ubuntu.com LD_LIBRARY_PATH=/home/mrg/mocap4r2_ws/install/mocap4r2_msgs/lib:/home/mrg/mocap4r2_ws/install/mocap4r2_marker_viz_srvs/lib:${LD_LIBRARY_PATH} PYTHONPATH=/home/mrg/mocap4r2_ws/install/mocap4r2_msgs/lib/python3.12/site-packages:/home/mrg/mocap4r2_ws/install/mocap4r2_marker_viz_srvs/lib/python3.12/site-packages:${PYTHONPATH} /usr/bin/cmake /home/mrg/mocap4r2_ws/src/mocap4r2/mocap4r2_marker_viz/mocap4r2_marker_viz -DAMENT_CMAKE_SYMLINK_INSTALL=1 -DCMAKE_INSTALL_PREFIX=/home/mrg/mocap4r2_ws/install/mocap4r2_marker_viz
[3.250s] Invoking command in '/home/mrg/mocap4r2_ws/build/mocap4r2_marker_viz': AMENT_PREFIX_PATH=/home/mrg/mocap4r2_ws/install/mocap4r2_msgs:/home/mrg/mocap4r2_ws/install/mocap4r2_marker_viz_srvs:${AMENT_PREFIX_PATH} CMAKE_PREFIX_PATH=/home/mrg/mocap4r2_ws/install/mocap4r2_msgs:/home/mrg/mocap4r2_ws/install/mocap4r2_marker_viz_srvs:/opt/ros/jazzy/opt/gz_math_vendor:/opt/ros/jazzy/opt/gz_utils_vendor:/opt/ros/jazzy/opt/gz_cmake_vendor:/opt/ros/jazzy DEBUGINFOD_URLS=https://debuginfod.ubuntu.com LD_LIBRARY_PATH=/home/mrg/mocap4r2_ws/install/mocap4r2_msgs/lib:/home/mrg/mocap4r2_ws/install/mocap4r2_marker_viz_srvs/lib:${LD_LIBRARY_PATH} PYTHONPATH=/home/mrg/mocap4r2_ws/install/mocap4r2_msgs/lib/python3.12/site-packages:/home/mrg/mocap4r2_ws/install/mocap4r2_marker_viz_srvs/lib/python3.12/site-packages:${PYTHONPATH} /usr/bin/cmake --build /home/mrg/mocap4r2_ws/build/mocap4r2_marker_viz -- -j20 -l20
[3.380s] [ 25%] [32mBuilding CXX object CMakeFiles/mocap4r2_marker_viz_NODE.dir/src/mocap4r2_marker_viz_node.cpp.o[0m
[24.728s] [ 50%] [32m[1mLinking CXX static library libmocap4r2_marker_viz_NODE.a[0m
[24.960s] [ 50%] Built target mocap4r2_marker_viz_NODE
[25.005s] [ 75%] [32mBuilding CXX object CMakeFiles/mocap4r2_marker_viz.dir/src/mocap4r2_marker_viz_main.cpp.o[0m
[29.232s] [100%] [32m[1mLinking CXX executable mocap4r2_marker_viz[0m
[29.843s] [100%] Built target mocap4r2_marker_viz
[29.861s] Invoked command in '/home/mrg/mocap4r2_ws/build/mocap4r2_marker_viz' returned '0': AMENT_PREFIX_PATH=/home/mrg/mocap4r2_ws/install/mocap4r2_msgs:/home/mrg/mocap4r2_ws/install/mocap4r2_marker_viz_srvs:${AMENT_PREFIX_PATH} CMAKE_PREFIX_PATH=/home/mrg/mocap4r2_ws/install/mocap4r2_msgs:/home/mrg/mocap4r2_ws/install/mocap4r2_marker_viz_srvs:/opt/ros/jazzy/opt/gz_math_vendor:/opt/ros/jazzy/opt/gz_utils_vendor:/opt/ros/jazzy/opt/gz_cmake_vendor:/opt/ros/jazzy DEBUGINFOD_URLS=https://debuginfod.ubuntu.com LD_LIBRARY_PATH=/home/mrg/mocap4r2_ws/install/mocap4r2_msgs/lib:/home/mrg/mocap4r2_ws/install/mocap4r2_marker_viz_srvs/lib:${LD_LIBRARY_PATH} PYTHONPATH=/home/mrg/mocap4r2_ws/install/mocap4r2_msgs/lib/python3.12/site-packages:/home/mrg/mocap4r2_ws/install/mocap4r2_marker_viz_srvs/lib/python3.12/site-packages:${PYTHONPATH} /usr/bin/cmake --build /home/mrg/mocap4r2_ws/build/mocap4r2_marker_viz -- -j20 -l20
[29.863s] Invoking command in '/home/mrg/mocap4r2_ws/build/mocap4r2_marker_viz': AMENT_PREFIX_PATH=/home/mrg/mocap4r2_ws/install/mocap4r2_msgs:/home/mrg/mocap4r2_ws/install/mocap4r2_marker_viz_srvs:${AMENT_PREFIX_PATH} CMAKE_PREFIX_PATH=/home/mrg/mocap4r2_ws/install/mocap4r2_msgs:/home/mrg/mocap4r2_ws/install/mocap4r2_marker_viz_srvs:/opt/ros/jazzy/opt/gz_math_vendor:/opt/ros/jazzy/opt/gz_utils_vendor:/opt/ros/jazzy/opt/gz_cmake_vendor:/opt/ros/jazzy DEBUGINFOD_URLS=https://debuginfod.ubuntu.com LD_LIBRARY_PATH=/home/mrg/mocap4r2_ws/install/mocap4r2_msgs/lib:/home/mrg/mocap4r2_ws/install/mocap4r2_marker_viz_srvs/lib:${LD_LIBRARY_PATH} PYTHONPATH=/home/mrg/mocap4r2_ws/install/mocap4r2_msgs/lib/python3.12/site-packages:/home/mrg/mocap4r2_ws/install/mocap4r2_marker_viz_srvs/lib/python3.12/site-packages:${PYTHONPATH} /usr/bin/cmake --install /home/mrg/mocap4r2_ws/build/mocap4r2_marker_viz
[29.873s] -- Install configuration: ""
[29.873s] -- Execute custom install script
[29.874s] -- Symlinking: /home/mrg/mocap4r2_ws/install/mocap4r2_marker_viz/lib/libmocap4r2_marker_viz_NODE.a
[29.887s] -- Symlinking: /home/mrg/mocap4r2_ws/install/mocap4r2_marker_viz/lib/mocap4r2_marker_viz/mocap4r2_marker_viz
[29.905s] -- Symlinking: /home/mrg/mocap4r2_ws/install/mocap4r2_marker_viz/share/mocap4r2_marker_viz/launch/mocap4r2_marker_viz.launch.py
[29.920s] -- Symlinking: /home/mrg/mocap4r2_ws/install/mocap4r2_marker_viz/share/mocap4r2_marker_viz/rviz/config.rviz
[29.931s] -- Symlinking: /home/mrg/mocap4r2_ws/install/mocap4r2_marker_viz/share/ament_index/resource_index/package_run_dependencies/mocap4r2_marker_viz
[29.946s] -- Symlinking: /home/mrg/mocap4r2_ws/install/mocap4r2_marker_viz/share/ament_index/resource_index/parent_prefix_path/mocap4r2_marker_viz
[29.963s] -- Symlinking: /home/mrg/mocap4r2_ws/install/mocap4r2_marker_viz/share/mocap4r2_marker_viz/environment/ament_prefix_path.sh
[29.975s] -- Symlinking: /home/mrg/mocap4r2_ws/install/mocap4r2_marker_viz/share/mocap4r2_marker_viz/environment/ament_prefix_path.dsv
[29.987s] -- Symlinking: /home/mrg/mocap4r2_ws/install/mocap4r2_marker_viz/share/mocap4r2_marker_viz/environment/path.sh
[30.000s] -- Symlinking: /home/mrg/mocap4r2_ws/install/mocap4r2_marker_viz/share/mocap4r2_marker_viz/environment/path.dsv
[30.013s] -- Symlinking: /home/mrg/mocap4r2_ws/install/mocap4r2_marker_viz/share/mocap4r2_marker_viz/local_setup.bash
[30.025s] -- Symlinking: /home/mrg/mocap4r2_ws/install/mocap4r2_marker_viz/share/mocap4r2_marker_viz/local_setup.sh
[30.040s] -- Symlinking: /home/mrg/mocap4r2_ws/install/mocap4r2_marker_viz/share/mocap4r2_marker_viz/local_setup.zsh
[30.052s] -- Symlinking: /home/mrg/mocap4r2_ws/install/mocap4r2_marker_viz/share/mocap4r2_marker_viz/local_setup.dsv
[30.062s] -- Symlinking: /home/mrg/mocap4r2_ws/install/mocap4r2_marker_viz/share/mocap4r2_marker_viz/package.dsv
[30.078s] -- Symlinking: /home/mrg/mocap4r2_ws/install/mocap4r2_marker_viz/share/ament_index/resource_index/packages/mocap4r2_marker_viz
[30.090s] -- Symlinking: /home/mrg/mocap4r2_ws/install/mocap4r2_marker_viz/share/mocap4r2_marker_viz/cmake/mocap4r2_marker_vizConfig.cmake
[30.101s] -- Symlinking: /home/mrg/mocap4r2_ws/install/mocap4r2_marker_viz/share/mocap4r2_marker_viz/cmake/mocap4r2_marker_vizConfig-version.cmake
[30.112s] -- Symlinking: /home/mrg/mocap4r2_ws/install/mocap4r2_marker_viz/share/mocap4r2_marker_viz/package.xml
[30.126s] Invoked command in '/home/mrg/mocap4r2_ws/build/mocap4r2_marker_viz' returned '0': AMENT_PREFIX_PATH=/home/mrg/mocap4r2_ws/install/mocap4r2_msgs:/home/mrg/mocap4r2_ws/install/mocap4r2_marker_viz_srvs:${AMENT_PREFIX_PATH} CMAKE_PREFIX_PATH=/home/mrg/mocap4r2_ws/install/mocap4r2_msgs:/home/mrg/mocap4r2_ws/install/mocap4r2_marker_viz_srvs:/opt/ros/jazzy/opt/gz_math_vendor:/opt/ros/jazzy/opt/gz_utils_vendor:/opt/ros/jazzy/opt/gz_cmake_vendor:/opt/ros/jazzy DEBUGINFOD_URLS=https://debuginfod.ubuntu.com LD_LIBRARY_PATH=/home/mrg/mocap4r2_ws/install/mocap4r2_msgs/lib:/home/mrg/mocap4r2_ws/install/mocap4r2_marker_viz_srvs/lib:${LD_LIBRARY_PATH} PYTHONPATH=/home/mrg/mocap4r2_ws/install/mocap4r2_msgs/lib/python3.12/site-packages:/home/mrg/mocap4r2_ws/install/mocap4r2_marker_viz_srvs/lib/python3.12/site-packages:${PYTHONPATH} /usr/bin/cmake --install /home/mrg/mocap4r2_ws/build/mocap4r2_marker_viz
