[0.009s] Invoking command in '/home/mrg/mocap4r2_ws/build/mocap4r2_msgs': CMAKE_PREFIX_PATH=${CMAKE_PREFIX_PATH}:/opt/ros/jazzy DEBUGINFOD_URLS=https://debuginfod.ubuntu.com /usr/bin/cmake /home/mrg/mocap4r2_ws/src/mocap_msgs -DAMENT_CMAKE_SYMLINK_INSTALL=1 -DCMAKE_INSTALL_PREFIX=/home/mrg/mocap4r2_ws/install/mocap4r2_msgs
[0.056s] -- The C compiler identification is GNU 13.3.0
[0.096s] -- The CXX compiler identification is GNU 13.3.0
[0.109s] -- Detecting C compiler ABI info
[0.177s] -- Detecting C compiler ABI info - done
[0.183s] -- Check for working C compiler: /usr/bin/cc - skipped
[0.183s] -- Detecting C compile features
[0.184s] -- Detecting C compile features - done
[0.192s] -- Detecting CXX compiler ABI info
[0.265s] -- Detecting CXX compiler ABI info - done
[0.271s] -- Check for working CXX compiler: /usr/bin/c++ - skipped
[0.272s] -- Detecting CXX compile features
[0.272s] -- Detecting CXX compile features - done
[0.273s] -- Found ament_cmake: 2.5.6 (/opt/ros/jazzy/share/ament_cmake/cmake)
[0.377s] -- Found Python3: /usr/bin/python3 (found version "3.12.3") found components: Interpreter 
[0.432s] -- Override CMake install command with custom implementation using symlinks instead of copying resources
[0.454s] -- Found rosidl_default_generators: 1.6.0 (/opt/ros/jazzy/share/rosidl_default_generators/cmake)
[0.457s] -- Using all available rosidl_typesupport_c: rosidl_typesupport_fastrtps_c;rosidl_typesupport_introspection_c
[0.489s] -- Using all available rosidl_typesupport_cpp: rosidl_typesupport_fastrtps_cpp;rosidl_typesupport_introspection_cpp
[0.518s] -- Found rosidl_adapter: 4.6.7 (/opt/ros/jazzy/share/rosidl_adapter/cmake)
[0.520s] -- Found builtin_interfaces: 2.0.3 (/opt/ros/jazzy/share/builtin_interfaces/cmake)
[0.530s] -- Found std_msgs: 5.3.7 (/opt/ros/jazzy/share/std_msgs/cmake)
[0.542s] -- Found geometry_msgs: 5.3.7 (/opt/ros/jazzy/share/geometry_msgs/cmake)
[1.042s] -- Found ament_cmake_ros: 0.12.0 (/opt/ros/jazzy/share/ament_cmake_ros/cmake)
[1.431s] -- Using all available rosidl_typesupport_c: rosidl_typesupport_fastrtps_c;rosidl_typesupport_introspection_c
[1.942s] -- Using all available rosidl_typesupport_cpp: rosidl_typesupport_fastrtps_cpp;rosidl_typesupport_introspection_cpp
[1.944s] -- Found python_cmake_module: 0.11.1 (/opt/ros/jazzy/share/python_cmake_module/cmake)
[2.057s] -- Found PythonExtra: /usr/bin/python3  
[2.403s] -- Found Python3: /usr/bin/python3 (found version "3.12.3") found components: Interpreter Development NumPy Development.Module Development.Embed 
[2.488s] -- Found Python3: /usr/bin/python3 (found version "3.12.3") found components: Interpreter 
[2.495s] -- Configuring done (2.5s)
[2.529s] -- Generating done (0.0s)
[2.537s] -- Build files have been written to: /home/mrg/mocap4r2_ws/build/mocap4r2_msgs
[2.545s] Invoked command in '/home/mrg/mocap4r2_ws/build/mocap4r2_msgs' returned '0': CMAKE_PREFIX_PATH=${CMAKE_PREFIX_PATH}:/opt/ros/jazzy DEBUGINFOD_URLS=https://debuginfod.ubuntu.com /usr/bin/cmake /home/mrg/mocap4r2_ws/src/mocap_msgs -DAMENT_CMAKE_SYMLINK_INSTALL=1 -DCMAKE_INSTALL_PREFIX=/home/mrg/mocap4r2_ws/install/mocap4r2_msgs
[2.545s] Invoking command in '/home/mrg/mocap4r2_ws/build/mocap4r2_msgs': CMAKE_PREFIX_PATH=${CMAKE_PREFIX_PATH}:/opt/ros/jazzy DEBUGINFOD_URLS=https://debuginfod.ubuntu.com /usr/bin/cmake --build /home/mrg/mocap4r2_ws/build/mocap4r2_msgs -- -j20 -l20
[2.581s] [  1%] [34m[1mGenerating type hashes for ROS interfaces[0m
[2.586s] [  1%] Built target ament_cmake_python_symlink_mocap4r2_msgs
[2.587s] [  2%] [34m[1mGenerating Rust code for ROS interfaces[0m
[2.809s] [  2%] Built target mocap4r2_msgs__rs
[2.813s] running egg_info
[2.814s] creating mocap4r2_msgs.egg-info
[2.826s] writing mocap4r2_msgs.egg-info/PKG-INFO
[2.826s] writing dependency_links to mocap4r2_msgs.egg-info/dependency_links.txt
[2.826s] writing top-level names to mocap4r2_msgs.egg-info/top_level.txt
[2.827s] writing manifest file 'mocap4r2_msgs.egg-info/SOURCES.txt'
[2.865s] reading manifest file 'mocap4r2_msgs.egg-info/SOURCES.txt'
[2.865s] writing manifest file 'mocap4r2_msgs.egg-info/SOURCES.txt'
[2.884s] [  2%] Built target mocap4r2_msgs__rosidl_generator_type_description
[2.894s] [  2%] Built target ament_cmake_python_build_mocap4r2_msgs_egg
[2.894s] [  3%] [34m[1mGenerating C code for ROS interfaces[0m
[2.903s] [  4%] [34m[1mGenerating C++ code for ROS interfaces[0m
[3.472s] [  5%] [32mBuilding C object CMakeFiles/mocap4r2_msgs__rosidl_generator_c.dir/rosidl_generator_c/mocap4r2_msgs/msg/detail/marker__description.c.o[0m
[3.476s] [  7%] [32mBuilding C object CMakeFiles/mocap4r2_msgs__rosidl_generator_c.dir/rosidl_generator_c/mocap4r2_msgs/msg/detail/marker__type_support.c.o[0m
[3.481s] [  8%] [32mBuilding C object CMakeFiles/mocap4r2_msgs__rosidl_generator_c.dir/rosidl_generator_c/mocap4r2_msgs/msg/detail/marker__functions.c.o[0m
[3.487s] [  9%] [32mBuilding C object CMakeFiles/mocap4r2_msgs__rosidl_generator_c.dir/rosidl_generator_c/mocap4r2_msgs/msg/detail/markers__description.c.o[0m
[3.487s] [ 10%] [32mBuilding C object CMakeFiles/mocap4r2_msgs__rosidl_generator_c.dir/rosidl_generator_c/mocap4r2_msgs/msg/detail/markers__functions.c.o[0m
[3.500s] [ 11%] [32mBuilding C object CMakeFiles/mocap4r2_msgs__rosidl_generator_c.dir/rosidl_generator_c/mocap4r2_msgs/msg/detail/markers__type_support.c.o[0m
[3.500s] [ 12%] [32mBuilding C object CMakeFiles/mocap4r2_msgs__rosidl_generator_c.dir/rosidl_generator_c/mocap4r2_msgs/msg/detail/imus_info__description.c.o[0m
[3.509s] [ 14%] [32mBuilding C object CMakeFiles/mocap4r2_msgs__rosidl_generator_c.dir/rosidl_generator_c/mocap4r2_msgs/msg/detail/imus_info__functions.c.o[0m
[3.536s] [ 15%] [32mBuilding C object CMakeFiles/mocap4r2_msgs__rosidl_generator_c.dir/rosidl_generator_c/mocap4r2_msgs/msg/detail/imus_info__type_support.c.o[0m
[3.541s] [ 16%] [32mBuilding C object CMakeFiles/mocap4r2_msgs__rosidl_generator_c.dir/rosidl_generator_c/mocap4r2_msgs/msg/detail/rigid_body__description.c.o[0m
[3.557s] [ 17%] [32mBuilding C object CMakeFiles/mocap4r2_msgs__rosidl_generator_c.dir/rosidl_generator_c/mocap4r2_msgs/msg/detail/rigid_body__type_support.c.o[0m
[3.557s] [ 20%] [32mBuilding C object CMakeFiles/mocap4r2_msgs__rosidl_generator_c.dir/rosidl_generator_c/mocap4r2_msgs/msg/detail/rigid_bodies__description.c.o[0m
[3.557s] [ 21%] [32mBuilding C object CMakeFiles/mocap4r2_msgs__rosidl_generator_c.dir/rosidl_generator_c/mocap4r2_msgs/msg/detail/rigid_body__functions.c.o[0m
[3.558s] [ 18%] [32mBuilding C object CMakeFiles/mocap4r2_msgs__rosidl_generator_c.dir/rosidl_generator_c/mocap4r2_msgs/msg/detail/rigid_bodies__functions.c.o[0m
[3.562s] [ 22%] [32mBuilding C object CMakeFiles/mocap4r2_msgs__rosidl_generator_c.dir/rosidl_generator_c/mocap4r2_msgs/msg/detail/rigid_bodies__type_support.c.o[0m
[3.564s] [ 23%] [32mBuilding C object CMakeFiles/mocap4r2_msgs__rosidl_generator_c.dir/rosidl_generator_c/mocap4r2_msgs/srv/detail/create_rigid_body__description.c.o[0m
[3.565s] [ 24%] [32mBuilding C object CMakeFiles/mocap4r2_msgs__rosidl_generator_c.dir/rosidl_generator_c/mocap4r2_msgs/srv/detail/create_rigid_body__functions.c.o[0m
[3.568s] [ 24%] Built target mocap4r2_msgs__cpp
[3.569s] [ 25%] [32mBuilding C object CMakeFiles/mocap4r2_msgs__rosidl_generator_c.dir/rosidl_generator_c/mocap4r2_msgs/srv/detail/create_rigid_body__type_support.c.o[0m
[3.729s] [ 27%] [32m[1mLinking C shared library libmocap4r2_msgs__rosidl_generator_c.so[0m
[3.831s] [ 27%] Built target mocap4r2_msgs__rosidl_generator_c
[3.847s] [ 28%] [34m[1mGenerating C type support for eProsima Fast-RTPS[0m
[3.850s] [ 29%] [34m[1mGenerating C introspection for ROS interfaces[0m
[3.855s] [ 30%] [34m[1mGenerating C++ type support for eProsima Fast-RTPS[0m
[3.860s] [ 31%] [34m[1mGenerating C++ introspection for ROS interfaces[0m
[3.864s] [ 32%] [34m[1mGenerating C type support dispatch for ROS interfaces[0m
[3.977s] [ 34%] [34m[1mGenerating C++ type support dispatch for ROS interfaces[0m
[4.438s] [ 35%] [32mBuilding CXX object CMakeFiles/mocap4r2_msgs__rosidl_typesupport_c.dir/rosidl_typesupport_c/mocap4r2_msgs/msg/marker__type_support.cpp.o[0m
[4.443s] [ 36%] [32mBuilding CXX object CMakeFiles/mocap4r2_msgs__rosidl_typesupport_c.dir/rosidl_typesupport_c/mocap4r2_msgs/srv/create_rigid_body__type_support.cpp.o[0m
[4.452s] [ 37%] [32mBuilding CXX object CMakeFiles/mocap4r2_msgs__rosidl_typesupport_c.dir/rosidl_typesupport_c/mocap4r2_msgs/msg/imus_info__type_support.cpp.o[0m
[4.455s] [ 38%] [32mBuilding CXX object CMakeFiles/mocap4r2_msgs__rosidl_typesupport_c.dir/rosidl_typesupport_c/mocap4r2_msgs/msg/rigid_body__type_support.cpp.o[0m
[4.456s] [ 40%] [32mBuilding CXX object CMakeFiles/mocap4r2_msgs__rosidl_typesupport_c.dir/rosidl_typesupport_c/mocap4r2_msgs/msg/rigid_bodies__type_support.cpp.o[0m
[4.456s] [ 41%] [32mBuilding CXX object CMakeFiles/mocap4r2_msgs__rosidl_typesupport_c.dir/rosidl_typesupport_c/mocap4r2_msgs/msg/markers__type_support.cpp.o[0m
[4.513s] [ 42%] [32mBuilding CXX object CMakeFiles/mocap4r2_msgs__rosidl_typesupport_introspection_cpp.dir/rosidl_typesupport_introspection_cpp/mocap4r2_msgs/msg/detail/rigid_bodies__type_support.cpp.o[0m
[4.513s] [ 43%] [32mBuilding CXX object CMakeFiles/mocap4r2_msgs__rosidl_typesupport_introspection_cpp.dir/rosidl_typesupport_introspection_cpp/mocap4r2_msgs/msg/detail/imus_info__type_support.cpp.o[0m
[4.513s] [ 44%] [32mBuilding CXX object CMakeFiles/mocap4r2_msgs__rosidl_typesupport_introspection_cpp.dir/rosidl_typesupport_introspection_cpp/mocap4r2_msgs/msg/detail/rigid_body__type_support.cpp.o[0m
[4.519s] [ 45%] [32mBuilding CXX object CMakeFiles/mocap4r2_msgs__rosidl_typesupport_introspection_cpp.dir/rosidl_typesupport_introspection_cpp/mocap4r2_msgs/msg/detail/marker__type_support.cpp.o[0m
[4.519s] [ 47%] [32mBuilding CXX object CMakeFiles/mocap4r2_msgs__rosidl_typesupport_introspection_cpp.dir/rosidl_typesupport_introspection_cpp/mocap4r2_msgs/msg/detail/markers__type_support.cpp.o[0m
[4.521s] [ 48%] [32mBuilding C object CMakeFiles/mocap4r2_msgs__rosidl_typesupport_introspection_c.dir/rosidl_typesupport_introspection_c/mocap4r2_msgs/msg/detail/marker__type_support.c.o[0m
[4.521s] [ 49%] [32mBuilding CXX object CMakeFiles/mocap4r2_msgs__rosidl_typesupport_introspection_cpp.dir/rosidl_typesupport_introspection_cpp/mocap4r2_msgs/srv/detail/create_rigid_body__type_support.cpp.o[0m
[4.531s] [ 50%] [32mBuilding C object CMakeFiles/mocap4r2_msgs__rosidl_typesupport_introspection_c.dir/rosidl_typesupport_introspection_c/mocap4r2_msgs/msg/detail/markers__type_support.c.o[0m
[4.531s] [ 51%] [32mBuilding CXX object CMakeFiles/mocap4r2_msgs__rosidl_typesupport_cpp.dir/rosidl_typesupport_cpp/mocap4r2_msgs/msg/marker__type_support.cpp.o[0m
[4.531s] [ 52%] [32mBuilding CXX object CMakeFiles/mocap4r2_msgs__rosidl_typesupport_cpp.dir/rosidl_typesupport_cpp/mocap4r2_msgs/msg/imus_info__type_support.cpp.o[0m
[4.531s] [ 54%] [32mBuilding CXX object CMakeFiles/mocap4r2_msgs__rosidl_typesupport_cpp.dir/rosidl_typesupport_cpp/mocap4r2_msgs/msg/markers__type_support.cpp.o[0m
[4.531s] [ 55%] [32mBuilding C object CMakeFiles/mocap4r2_msgs__rosidl_typesupport_introspection_c.dir/rosidl_typesupport_introspection_c/mocap4r2_msgs/msg/detail/imus_info__type_support.c.o[0m
[4.538s] [ 56%] [32mBuilding CXX object CMakeFiles/mocap4r2_msgs__rosidl_typesupport_cpp.dir/rosidl_typesupport_cpp/mocap4r2_msgs/msg/rigid_body__type_support.cpp.o[0m
[4.540s] [ 57%] [32mBuilding C object CMakeFiles/mocap4r2_msgs__rosidl_typesupport_introspection_c.dir/rosidl_typesupport_introspection_c/mocap4r2_msgs/msg/detail/rigid_body__type_support.c.o[0m
[4.543s] [ 60%] [32mBuilding C object CMakeFiles/mocap4r2_msgs__rosidl_typesupport_introspection_c.dir/rosidl_typesupport_introspection_c/mocap4r2_msgs/msg/detail/rigid_bodies__type_support.c.o[0m
[4.543s] [ 60%] [32mBuilding CXX object CMakeFiles/mocap4r2_msgs__rosidl_typesupport_cpp.dir/rosidl_typesupport_cpp/mocap4r2_msgs/msg/rigid_bodies__type_support.cpp.o[0m
[4.554s] [ 61%] [32mBuilding CXX object CMakeFiles/mocap4r2_msgs__rosidl_typesupport_cpp.dir/rosidl_typesupport_cpp/mocap4r2_msgs/srv/create_rigid_body__type_support.cpp.o[0m
[4.572s] [ 62%] [32m[1mLinking CXX shared library libmocap4r2_msgs__rosidl_typesupport_c.so[0m
[4.612s] [ 63%] [32mBuilding C object CMakeFiles/mocap4r2_msgs__rosidl_typesupport_introspection_c.dir/rosidl_typesupport_introspection_c/mocap4r2_msgs/srv/detail/create_rigid_body__type_support.c.o[0m
[4.635s] [ 63%] Built target mocap4r2_msgs__rosidl_typesupport_c
[4.662s] [ 64%] [32mBuilding CXX object CMakeFiles/mocap4r2_msgs__rosidl_typesupport_fastrtps_c.dir/rosidl_typesupport_fastrtps_c/mocap4r2_msgs/msg/detail/marker__type_support_c.cpp.o[0m
[4.681s] [ 65%] [32mBuilding CXX object CMakeFiles/mocap4r2_msgs__rosidl_typesupport_fastrtps_c.dir/rosidl_typesupport_fastrtps_c/mocap4r2_msgs/msg/detail/markers__type_support_c.cpp.o[0m
[4.697s] [ 67%] [32mBuilding CXX object CMakeFiles/mocap4r2_msgs__rosidl_typesupport_fastrtps_c.dir/rosidl_typesupport_fastrtps_c/mocap4r2_msgs/msg/detail/rigid_body__type_support_c.cpp.o[0m
[4.702s] [ 68%] [32mBuilding CXX object CMakeFiles/mocap4r2_msgs__rosidl_typesupport_fastrtps_c.dir/rosidl_typesupport_fastrtps_c/mocap4r2_msgs/msg/detail/imus_info__type_support_c.cpp.o[0m
[4.708s] [ 69%] [32mBuilding CXX object CMakeFiles/mocap4r2_msgs__rosidl_typesupport_fastrtps_c.dir/rosidl_typesupport_fastrtps_c/mocap4r2_msgs/msg/detail/rigid_bodies__type_support_c.cpp.o[0m
[4.730s] [ 70%] [32mBuilding CXX object CMakeFiles/mocap4r2_msgs__rosidl_typesupport_fastrtps_c.dir/rosidl_typesupport_fastrtps_c/mocap4r2_msgs/srv/detail/create_rigid_body__type_support_c.cpp.o[0m
[4.744s] [ 71%] [32m[1mLinking C shared library libmocap4r2_msgs__rosidl_typesupport_introspection_c.so[0m
[4.760s] [ 72%] [32mBuilding CXX object CMakeFiles/mocap4r2_msgs__rosidl_typesupport_fastrtps_cpp.dir/rosidl_typesupport_fastrtps_cpp/mocap4r2_msgs/msg/detail/dds_fastrtps/marker__type_support.cpp.o[0m
[4.832s] [ 72%] Built target mocap4r2_msgs__rosidl_typesupport_introspection_c
[4.859s] [ 74%] [32mBuilding CXX object CMakeFiles/mocap4r2_msgs__rosidl_typesupport_fastrtps_cpp.dir/rosidl_typesupport_fastrtps_cpp/mocap4r2_msgs/msg/detail/dds_fastrtps/markers__type_support.cpp.o[0m
[4.922s] [ 75%] [32mBuilding CXX object CMakeFiles/mocap4r2_msgs__rosidl_typesupport_fastrtps_cpp.dir/rosidl_typesupport_fastrtps_cpp/mocap4r2_msgs/msg/detail/dds_fastrtps/imus_info__type_support.cpp.o[0m
[4.941s] [ 76%] [32mBuilding CXX object CMakeFiles/mocap4r2_msgs__rosidl_typesupport_fastrtps_cpp.dir/rosidl_typesupport_fastrtps_cpp/mocap4r2_msgs/msg/detail/dds_fastrtps/rigid_body__type_support.cpp.o[0m
[5.012s] [ 77%] [32mBuilding CXX object CMakeFiles/mocap4r2_msgs__rosidl_typesupport_fastrtps_cpp.dir/rosidl_typesupport_fastrtps_cpp/mocap4r2_msgs/msg/detail/dds_fastrtps/rigid_bodies__type_support.cpp.o[0m
[5.027s] [ 78%] [32mBuilding CXX object CMakeFiles/mocap4r2_msgs__rosidl_typesupport_fastrtps_cpp.dir/rosidl_typesupport_fastrtps_cpp/mocap4r2_msgs/srv/detail/dds_fastrtps/create_rigid_body__type_support.cpp.o[0m
[5.152s] [ 80%] [32m[1mLinking CXX shared library libmocap4r2_msgs__rosidl_typesupport_introspection_cpp.so[0m
[5.153s] [ 81%] [32m[1mLinking CXX shared library libmocap4r2_msgs__rosidl_typesupport_cpp.so[0m
[5.247s] [ 81%] Built target mocap4r2_msgs__rosidl_typesupport_introspection_cpp
[5.247s] [ 81%] Built target mocap4r2_msgs__rosidl_typesupport_cpp
[5.849s] [ 82%] [32m[1mLinking CXX shared library libmocap4r2_msgs__rosidl_typesupport_fastrtps_c.so[0m
[6.016s] [ 82%] Built target mocap4r2_msgs__rosidl_typesupport_fastrtps_c
[6.703s] [ 83%] [32m[1mLinking CXX shared library libmocap4r2_msgs__rosidl_typesupport_fastrtps_cpp.so[0m
[6.884s] [ 83%] Built target mocap4r2_msgs__rosidl_typesupport_fastrtps_cpp
[6.937s] [ 83%] Built target mocap4r2_msgs
[6.996s] [ 84%] [34m[1mGenerating Python code for ROS interfaces[0m
[8.540s] [ 84%] Built target mocap4r2_msgs__py
[8.588s] [ 87%] [32mBuilding C object CMakeFiles/mocap4r2_msgs__rosidl_generator_py.dir/rosidl_generator_py/mocap4r2_msgs/msg/_markers_s.c.o[0m
[8.588s] [ 87%] [32mBuilding C object CMakeFiles/mocap4r2_msgs__rosidl_generator_py.dir/rosidl_generator_py/mocap4r2_msgs/msg/_marker_s.c.o[0m
[8.589s] [ 88%] [32mBuilding C object CMakeFiles/mocap4r2_msgs__rosidl_generator_py.dir/rosidl_generator_py/mocap4r2_msgs/msg/_imus_info_s.c.o[0m
[8.590s] [ 89%] [32mBuilding C object CMakeFiles/mocap4r2_msgs__rosidl_generator_py.dir/rosidl_generator_py/mocap4r2_msgs/msg/_rigid_bodies_s.c.o[0m
[8.600s] [ 91%] [32mBuilding C object CMakeFiles/mocap4r2_msgs__rosidl_generator_py.dir/rosidl_generator_py/mocap4r2_msgs/msg/_rigid_body_s.c.o[0m
[8.601s] [ 91%] [32mBuilding C object CMakeFiles/mocap4r2_msgs__rosidl_generator_py.dir/rosidl_generator_py/mocap4r2_msgs/srv/_create_rigid_body_s.c.o[0m
[9.110s] [ 92%] [32m[1mLinking C shared library libmocap4r2_msgs__rosidl_generator_py.so[0m
[9.236s] [ 92%] Built target mocap4r2_msgs__rosidl_generator_py
[9.278s] [ 94%] [32mBuilding C object CMakeFiles/mocap4r2_msgs_s__rosidl_typesupport_introspection_c.dir/rosidl_generator_py/mocap4r2_msgs/_mocap4r2_msgs_s.ep.rosidl_typesupport_introspection_c.c.o[0m
[9.281s] [ 95%] [32mBuilding C object CMakeFiles/mocap4r2_msgs_s__rosidl_typesupport_c.dir/rosidl_generator_py/mocap4r2_msgs/_mocap4r2_msgs_s.ep.rosidl_typesupport_c.c.o[0m
[9.289s] [ 96%] [32mBuilding C object CMakeFiles/mocap4r2_msgs_s__rosidl_typesupport_fastrtps_c.dir/rosidl_generator_py/mocap4r2_msgs/_mocap4r2_msgs_s.ep.rosidl_typesupport_fastrtps_c.c.o[0m
[9.526s] [ 97%] [32m[1mLinking C shared module rosidl_generator_py/mocap4r2_msgs/mocap4r2_msgs_s__rosidl_typesupport_introspection_c.so[0m
[9.531s] [ 98%] [32m[1mLinking C shared module rosidl_generator_py/mocap4r2_msgs/mocap4r2_msgs_s__rosidl_typesupport_c.so[0m
[9.532s] [100%] [32m[1mLinking C shared module rosidl_generator_py/mocap4r2_msgs/mocap4r2_msgs_s__rosidl_typesupport_fastrtps_c.so[0m
[9.601s] [100%] Built target mocap4r2_msgs_s__rosidl_typesupport_introspection_c
[9.612s] [100%] Built target mocap4r2_msgs_s__rosidl_typesupport_c
[9.615s] [100%] Built target mocap4r2_msgs_s__rosidl_typesupport_fastrtps_c
[9.636s] Invoked command in '/home/mrg/mocap4r2_ws/build/mocap4r2_msgs' returned '0': CMAKE_PREFIX_PATH=${CMAKE_PREFIX_PATH}:/opt/ros/jazzy DEBUGINFOD_URLS=https://debuginfod.ubuntu.com /usr/bin/cmake --build /home/mrg/mocap4r2_ws/build/mocap4r2_msgs -- -j20 -l20
[9.639s] Invoking command in '/home/mrg/mocap4r2_ws/build/mocap4r2_msgs': CMAKE_PREFIX_PATH=${CMAKE_PREFIX_PATH}:/opt/ros/jazzy DEBUGINFOD_URLS=https://debuginfod.ubuntu.com /usr/bin/cmake --install /home/mrg/mocap4r2_ws/build/mocap4r2_msgs
[9.652s] -- Install configuration: ""
[9.654s] -- Execute custom install script
[9.654s] -- Symlinking: /home/mrg/mocap4r2_ws/install/mocap4r2_msgs/share/ament_index/resource_index/rosidl_interfaces/mocap4r2_msgs
[9.680s] -- Symlinking: /home/mrg/mocap4r2_ws/install/mocap4r2_msgs/share/mocap4r2_msgs/msg/Marker.json
[9.701s] -- Symlinking: /home/mrg/mocap4r2_ws/install/mocap4r2_msgs/share/mocap4r2_msgs/msg/Markers.json
[9.716s] -- Symlinking: /home/mrg/mocap4r2_ws/install/mocap4r2_msgs/share/mocap4r2_msgs/msg/ImusInfo.json
[9.739s] -- Symlinking: /home/mrg/mocap4r2_ws/install/mocap4r2_msgs/share/mocap4r2_msgs/msg/RigidBody.json
[9.756s] -- Symlinking: /home/mrg/mocap4r2_ws/install/mocap4r2_msgs/share/mocap4r2_msgs/msg/RigidBodies.json
[9.770s] -- Symlinking: /home/mrg/mocap4r2_ws/install/mocap4r2_msgs/share/mocap4r2_msgs/srv/CreateRigidBody.json
[9.786s] -- Symlinking: /home/mrg/mocap4r2_ws/install/mocap4r2_msgs/include/mocap4r2_msgs/mocap4r2_msgs/msg/detail/imus_info__functions.h
[9.801s] -- Symlinking: /home/mrg/mocap4r2_ws/install/mocap4r2_msgs/include/mocap4r2_msgs/mocap4r2_msgs/msg/detail/imus_info__struct.h
[9.818s] -- Symlinking: /home/mrg/mocap4r2_ws/install/mocap4r2_msgs/include/mocap4r2_msgs/mocap4r2_msgs/msg/detail/imus_info__type_support.h
[9.833s] -- Symlinking: /home/mrg/mocap4r2_ws/install/mocap4r2_msgs/include/mocap4r2_msgs/mocap4r2_msgs/msg/detail/marker__functions.h
[9.848s] -- Symlinking: /home/mrg/mocap4r2_ws/install/mocap4r2_msgs/include/mocap4r2_msgs/mocap4r2_msgs/msg/detail/marker__struct.h
[9.865s] -- Symlinking: /home/mrg/mocap4r2_ws/install/mocap4r2_msgs/include/mocap4r2_msgs/mocap4r2_msgs/msg/detail/marker__type_support.h
[9.880s] -- Symlinking: /home/mrg/mocap4r2_ws/install/mocap4r2_msgs/include/mocap4r2_msgs/mocap4r2_msgs/msg/detail/markers__functions.h
[9.898s] -- Symlinking: /home/mrg/mocap4r2_ws/install/mocap4r2_msgs/include/mocap4r2_msgs/mocap4r2_msgs/msg/detail/markers__struct.h
[9.918s] -- Symlinking: /home/mrg/mocap4r2_ws/install/mocap4r2_msgs/include/mocap4r2_msgs/mocap4r2_msgs/msg/detail/markers__type_support.h
[9.934s] -- Symlinking: /home/mrg/mocap4r2_ws/install/mocap4r2_msgs/include/mocap4r2_msgs/mocap4r2_msgs/msg/detail/rigid_bodies__functions.h
[9.953s] -- Symlinking: /home/mrg/mocap4r2_ws/install/mocap4r2_msgs/include/mocap4r2_msgs/mocap4r2_msgs/msg/detail/rigid_bodies__struct.h
[9.968s] -- Symlinking: /home/mrg/mocap4r2_ws/install/mocap4r2_msgs/include/mocap4r2_msgs/mocap4r2_msgs/msg/detail/rigid_bodies__type_support.h
[9.990s] -- Symlinking: /home/mrg/mocap4r2_ws/install/mocap4r2_msgs/include/mocap4r2_msgs/mocap4r2_msgs/msg/detail/rigid_body__functions.h
[10.003s] -- Symlinking: /home/mrg/mocap4r2_ws/install/mocap4r2_msgs/include/mocap4r2_msgs/mocap4r2_msgs/msg/detail/rigid_body__struct.h
[10.019s] -- Symlinking: /home/mrg/mocap4r2_ws/install/mocap4r2_msgs/include/mocap4r2_msgs/mocap4r2_msgs/msg/detail/rigid_body__type_support.h
[10.032s] -- Symlinking: /home/mrg/mocap4r2_ws/install/mocap4r2_msgs/include/mocap4r2_msgs/mocap4r2_msgs/msg/imus_info.h
[10.046s] -- Symlinking: /home/mrg/mocap4r2_ws/install/mocap4r2_msgs/include/mocap4r2_msgs/mocap4r2_msgs/msg/marker.h
[10.060s] -- Symlinking: /home/mrg/mocap4r2_ws/install/mocap4r2_msgs/include/mocap4r2_msgs/mocap4r2_msgs/msg/markers.h
[10.075s] -- Symlinking: /home/mrg/mocap4r2_ws/install/mocap4r2_msgs/include/mocap4r2_msgs/mocap4r2_msgs/msg/rigid_bodies.h
[10.090s] -- Symlinking: /home/mrg/mocap4r2_ws/install/mocap4r2_msgs/include/mocap4r2_msgs/mocap4r2_msgs/msg/rigid_body.h
[10.102s] -- Symlinking: /home/mrg/mocap4r2_ws/install/mocap4r2_msgs/include/mocap4r2_msgs/mocap4r2_msgs/msg/rosidl_generator_c__visibility_control.h
[10.118s] -- Symlinking: /home/mrg/mocap4r2_ws/install/mocap4r2_msgs/include/mocap4r2_msgs/mocap4r2_msgs/srv/create_rigid_body.h
[10.135s] -- Symlinking: /home/mrg/mocap4r2_ws/install/mocap4r2_msgs/include/mocap4r2_msgs/mocap4r2_msgs/srv/detail/create_rigid_body__functions.h
[10.149s] -- Symlinking: /home/mrg/mocap4r2_ws/install/mocap4r2_msgs/include/mocap4r2_msgs/mocap4r2_msgs/srv/detail/create_rigid_body__struct.h
[10.163s] -- Symlinking: /home/mrg/mocap4r2_ws/install/mocap4r2_msgs/include/mocap4r2_msgs/mocap4r2_msgs/srv/detail/create_rigid_body__type_support.h
[10.179s] -- Symlinking: /home/mrg/mocap4r2_ws/install/mocap4r2_msgs/share/mocap4r2_msgs/environment/library_path.sh
[10.199s] -- Symlinking: /home/mrg/mocap4r2_ws/install/mocap4r2_msgs/share/mocap4r2_msgs/environment/library_path.dsv
[10.213s] -- Symlinking: /home/mrg/mocap4r2_ws/install/mocap4r2_msgs/include/mocap4r2_msgs/mocap4r2_msgs/msg/detail/imus_info__rosidl_typesupport_fastrtps_c.h
[10.231s] -- Symlinking: /home/mrg/mocap4r2_ws/install/mocap4r2_msgs/include/mocap4r2_msgs/mocap4r2_msgs/msg/detail/marker__rosidl_typesupport_fastrtps_c.h
[10.245s] -- Symlinking: /home/mrg/mocap4r2_ws/install/mocap4r2_msgs/include/mocap4r2_msgs/mocap4r2_msgs/msg/detail/markers__rosidl_typesupport_fastrtps_c.h
[10.265s] -- Symlinking: /home/mrg/mocap4r2_ws/install/mocap4r2_msgs/include/mocap4r2_msgs/mocap4r2_msgs/msg/detail/rigid_bodies__rosidl_typesupport_fastrtps_c.h
[10.285s] -- Symlinking: /home/mrg/mocap4r2_ws/install/mocap4r2_msgs/include/mocap4r2_msgs/mocap4r2_msgs/msg/detail/rigid_body__rosidl_typesupport_fastrtps_c.h
[10.304s] -- Symlinking: /home/mrg/mocap4r2_ws/install/mocap4r2_msgs/include/mocap4r2_msgs/mocap4r2_msgs/msg/rosidl_typesupport_fastrtps_c__visibility_control.h
[10.321s] -- Symlinking: /home/mrg/mocap4r2_ws/install/mocap4r2_msgs/include/mocap4r2_msgs/mocap4r2_msgs/srv/detail/create_rigid_body__rosidl_typesupport_fastrtps_c.h
[10.337s] -- Symlinking: /home/mrg/mocap4r2_ws/install/mocap4r2_msgs/include/mocap4r2_msgs/mocap4r2_msgs/msg/detail/imus_info__rosidl_typesupport_introspection_c.h
[10.354s] -- Symlinking: /home/mrg/mocap4r2_ws/install/mocap4r2_msgs/include/mocap4r2_msgs/mocap4r2_msgs/msg/detail/marker__rosidl_typesupport_introspection_c.h
[10.369s] -- Symlinking: /home/mrg/mocap4r2_ws/install/mocap4r2_msgs/include/mocap4r2_msgs/mocap4r2_msgs/msg/detail/markers__rosidl_typesupport_introspection_c.h
[10.385s] -- Symlinking: /home/mrg/mocap4r2_ws/install/mocap4r2_msgs/include/mocap4r2_msgs/mocap4r2_msgs/msg/detail/rigid_bodies__rosidl_typesupport_introspection_c.h
[10.401s] -- Symlinking: /home/mrg/mocap4r2_ws/install/mocap4r2_msgs/include/mocap4r2_msgs/mocap4r2_msgs/msg/detail/rigid_body__rosidl_typesupport_introspection_c.h
[10.414s] -- Symlinking: /home/mrg/mocap4r2_ws/install/mocap4r2_msgs/include/mocap4r2_msgs/mocap4r2_msgs/msg/rosidl_typesupport_introspection_c__visibility_control.h
[10.429s] -- Symlinking: /home/mrg/mocap4r2_ws/install/mocap4r2_msgs/include/mocap4r2_msgs/mocap4r2_msgs/srv/detail/create_rigid_body__rosidl_typesupport_introspection_c.h
[10.442s] -- Symlinking: /home/mrg/mocap4r2_ws/install/mocap4r2_msgs/include/mocap4r2_msgs/mocap4r2_msgs/msg/detail/imus_info__builder.hpp
[10.455s] -- Symlinking: /home/mrg/mocap4r2_ws/install/mocap4r2_msgs/include/mocap4r2_msgs/mocap4r2_msgs/msg/detail/imus_info__struct.hpp
[10.470s] -- Symlinking: /home/mrg/mocap4r2_ws/install/mocap4r2_msgs/include/mocap4r2_msgs/mocap4r2_msgs/msg/detail/imus_info__traits.hpp
[10.484s] -- Symlinking: /home/mrg/mocap4r2_ws/install/mocap4r2_msgs/include/mocap4r2_msgs/mocap4r2_msgs/msg/detail/imus_info__type_support.hpp
[10.501s] -- Symlinking: /home/mrg/mocap4r2_ws/install/mocap4r2_msgs/include/mocap4r2_msgs/mocap4r2_msgs/msg/detail/marker__builder.hpp
[10.514s] -- Symlinking: /home/mrg/mocap4r2_ws/install/mocap4r2_msgs/include/mocap4r2_msgs/mocap4r2_msgs/msg/detail/marker__struct.hpp
[10.530s] -- Symlinking: /home/mrg/mocap4r2_ws/install/mocap4r2_msgs/include/mocap4r2_msgs/mocap4r2_msgs/msg/detail/marker__traits.hpp
[10.546s] -- Symlinking: /home/mrg/mocap4r2_ws/install/mocap4r2_msgs/include/mocap4r2_msgs/mocap4r2_msgs/msg/detail/marker__type_support.hpp
[10.564s] -- Symlinking: /home/mrg/mocap4r2_ws/install/mocap4r2_msgs/include/mocap4r2_msgs/mocap4r2_msgs/msg/detail/markers__builder.hpp
[10.579s] -- Symlinking: /home/mrg/mocap4r2_ws/install/mocap4r2_msgs/include/mocap4r2_msgs/mocap4r2_msgs/msg/detail/markers__struct.hpp
[10.597s] -- Symlinking: /home/mrg/mocap4r2_ws/install/mocap4r2_msgs/include/mocap4r2_msgs/mocap4r2_msgs/msg/detail/markers__traits.hpp
[10.611s] -- Symlinking: /home/mrg/mocap4r2_ws/install/mocap4r2_msgs/include/mocap4r2_msgs/mocap4r2_msgs/msg/detail/markers__type_support.hpp
[10.629s] -- Symlinking: /home/mrg/mocap4r2_ws/install/mocap4r2_msgs/include/mocap4r2_msgs/mocap4r2_msgs/msg/detail/rigid_bodies__builder.hpp
[10.643s] -- Symlinking: /home/mrg/mocap4r2_ws/install/mocap4r2_msgs/include/mocap4r2_msgs/mocap4r2_msgs/msg/detail/rigid_bodies__struct.hpp
[10.661s] -- Symlinking: /home/mrg/mocap4r2_ws/install/mocap4r2_msgs/include/mocap4r2_msgs/mocap4r2_msgs/msg/detail/rigid_bodies__traits.hpp
[10.674s] -- Symlinking: /home/mrg/mocap4r2_ws/install/mocap4r2_msgs/include/mocap4r2_msgs/mocap4r2_msgs/msg/detail/rigid_bodies__type_support.hpp
[10.691s] -- Symlinking: /home/mrg/mocap4r2_ws/install/mocap4r2_msgs/include/mocap4r2_msgs/mocap4r2_msgs/msg/detail/rigid_body__builder.hpp
[10.705s] -- Symlinking: /home/mrg/mocap4r2_ws/install/mocap4r2_msgs/include/mocap4r2_msgs/mocap4r2_msgs/msg/detail/rigid_body__struct.hpp
[10.718s] -- Symlinking: /home/mrg/mocap4r2_ws/install/mocap4r2_msgs/include/mocap4r2_msgs/mocap4r2_msgs/msg/detail/rigid_body__traits.hpp
[10.732s] -- Symlinking: /home/mrg/mocap4r2_ws/install/mocap4r2_msgs/include/mocap4r2_msgs/mocap4r2_msgs/msg/detail/rigid_body__type_support.hpp
[10.745s] -- Symlinking: /home/mrg/mocap4r2_ws/install/mocap4r2_msgs/include/mocap4r2_msgs/mocap4r2_msgs/msg/imus_info.hpp
[10.759s] -- Symlinking: /home/mrg/mocap4r2_ws/install/mocap4r2_msgs/include/mocap4r2_msgs/mocap4r2_msgs/msg/marker.hpp
[10.770s] -- Symlinking: /home/mrg/mocap4r2_ws/install/mocap4r2_msgs/include/mocap4r2_msgs/mocap4r2_msgs/msg/markers.hpp
[10.785s] -- Symlinking: /home/mrg/mocap4r2_ws/install/mocap4r2_msgs/include/mocap4r2_msgs/mocap4r2_msgs/msg/rigid_bodies.hpp
[10.799s] -- Symlinking: /home/mrg/mocap4r2_ws/install/mocap4r2_msgs/include/mocap4r2_msgs/mocap4r2_msgs/msg/rigid_body.hpp
[10.810s] -- Symlinking: /home/mrg/mocap4r2_ws/install/mocap4r2_msgs/include/mocap4r2_msgs/mocap4r2_msgs/msg/rosidl_generator_cpp__visibility_control.hpp
[10.828s] -- Symlinking: /home/mrg/mocap4r2_ws/install/mocap4r2_msgs/include/mocap4r2_msgs/mocap4r2_msgs/srv/create_rigid_body.hpp
[10.844s] -- Symlinking: /home/mrg/mocap4r2_ws/install/mocap4r2_msgs/include/mocap4r2_msgs/mocap4r2_msgs/srv/detail/create_rigid_body__builder.hpp
[10.857s] -- Symlinking: /home/mrg/mocap4r2_ws/install/mocap4r2_msgs/include/mocap4r2_msgs/mocap4r2_msgs/srv/detail/create_rigid_body__struct.hpp
[10.874s] -- Symlinking: /home/mrg/mocap4r2_ws/install/mocap4r2_msgs/include/mocap4r2_msgs/mocap4r2_msgs/srv/detail/create_rigid_body__traits.hpp
[10.886s] -- Symlinking: /home/mrg/mocap4r2_ws/install/mocap4r2_msgs/include/mocap4r2_msgs/mocap4r2_msgs/srv/detail/create_rigid_body__type_support.hpp
[10.902s] -- Symlinking: /home/mrg/mocap4r2_ws/install/mocap4r2_msgs/include/mocap4r2_msgs/mocap4r2_msgs/msg/detail/imus_info__rosidl_typesupport_fastrtps_cpp.hpp
[10.918s] -- Symlinking: /home/mrg/mocap4r2_ws/install/mocap4r2_msgs/include/mocap4r2_msgs/mocap4r2_msgs/msg/detail/marker__rosidl_typesupport_fastrtps_cpp.hpp
[10.930s] -- Symlinking: /home/mrg/mocap4r2_ws/install/mocap4r2_msgs/include/mocap4r2_msgs/mocap4r2_msgs/msg/detail/markers__rosidl_typesupport_fastrtps_cpp.hpp
[10.943s] -- Symlinking: /home/mrg/mocap4r2_ws/install/mocap4r2_msgs/include/mocap4r2_msgs/mocap4r2_msgs/msg/detail/rigid_bodies__rosidl_typesupport_fastrtps_cpp.hpp
[10.955s] -- Symlinking: /home/mrg/mocap4r2_ws/install/mocap4r2_msgs/include/mocap4r2_msgs/mocap4r2_msgs/msg/detail/rigid_body__rosidl_typesupport_fastrtps_cpp.hpp
[10.968s] -- Symlinking: /home/mrg/mocap4r2_ws/install/mocap4r2_msgs/include/mocap4r2_msgs/mocap4r2_msgs/msg/rosidl_typesupport_fastrtps_cpp__visibility_control.h
[10.979s] -- Symlinking: /home/mrg/mocap4r2_ws/install/mocap4r2_msgs/include/mocap4r2_msgs/mocap4r2_msgs/srv/detail/create_rigid_body__rosidl_typesupport_fastrtps_cpp.hpp
[10.995s] -- Symlinking: /home/mrg/mocap4r2_ws/install/mocap4r2_msgs/include/mocap4r2_msgs/mocap4r2_msgs/msg/detail/imus_info__rosidl_typesupport_introspection_cpp.hpp
[11.006s] -- Symlinking: /home/mrg/mocap4r2_ws/install/mocap4r2_msgs/include/mocap4r2_msgs/mocap4r2_msgs/msg/detail/marker__rosidl_typesupport_introspection_cpp.hpp
[11.023s] -- Symlinking: /home/mrg/mocap4r2_ws/install/mocap4r2_msgs/include/mocap4r2_msgs/mocap4r2_msgs/msg/detail/markers__rosidl_typesupport_introspection_cpp.hpp
[11.035s] -- Symlinking: /home/mrg/mocap4r2_ws/install/mocap4r2_msgs/include/mocap4r2_msgs/mocap4r2_msgs/msg/detail/rigid_bodies__rosidl_typesupport_introspection_cpp.hpp
[11.049s] -- Symlinking: /home/mrg/mocap4r2_ws/install/mocap4r2_msgs/include/mocap4r2_msgs/mocap4r2_msgs/msg/detail/rigid_body__rosidl_typesupport_introspection_cpp.hpp
[11.060s] -- Symlinking: /home/mrg/mocap4r2_ws/install/mocap4r2_msgs/include/mocap4r2_msgs/mocap4r2_msgs/srv/detail/create_rigid_body__rosidl_typesupport_introspection_cpp.hpp
[11.078s] -- Symlinking: /home/mrg/mocap4r2_ws/install/mocap4r2_msgs/share/mocap4r2_msgs/environment/pythonpath.sh
[11.091s] -- Symlinking: /home/mrg/mocap4r2_ws/install/mocap4r2_msgs/share/mocap4r2_msgs/environment/pythonpath.dsv
[11.103s] -- Symlinking: /home/mrg/mocap4r2_ws/install/mocap4r2_msgs/lib/python3.12/site-packages/mocap4r2_msgs-0.2.0-py3.12.egg-info/PKG-INFO
[11.120s] -- Symlinking: /home/mrg/mocap4r2_ws/install/mocap4r2_msgs/lib/python3.12/site-packages/mocap4r2_msgs-0.2.0-py3.12.egg-info/SOURCES.txt
[11.132s] -- Symlinking: /home/mrg/mocap4r2_ws/install/mocap4r2_msgs/lib/python3.12/site-packages/mocap4r2_msgs-0.2.0-py3.12.egg-info/dependency_links.txt
[11.150s] -- Symlinking: /home/mrg/mocap4r2_ws/install/mocap4r2_msgs/lib/python3.12/site-packages/mocap4r2_msgs-0.2.0-py3.12.egg-info/top_level.txt
[11.169s] -- Symlinking: /home/mrg/mocap4r2_ws/install/mocap4r2_msgs/lib/python3.12/site-packages/mocap4r2_msgs/__init__.py
[11.182s] -- Symlinking: /home/mrg/mocap4r2_ws/install/mocap4r2_msgs/lib/python3.12/site-packages/mocap4r2_msgs/_mocap4r2_msgs_s.ep.rosidl_typesupport_c.c
[11.198s] -- Symlinking: /home/mrg/mocap4r2_ws/install/mocap4r2_msgs/lib/python3.12/site-packages/mocap4r2_msgs/_mocap4r2_msgs_s.ep.rosidl_typesupport_fastrtps_c.c
[11.210s] -- Symlinking: /home/mrg/mocap4r2_ws/install/mocap4r2_msgs/lib/python3.12/site-packages/mocap4r2_msgs/_mocap4r2_msgs_s.ep.rosidl_typesupport_introspection_c.c
[11.229s] -- Symlinking: /home/mrg/mocap4r2_ws/install/mocap4r2_msgs/lib/python3.12/site-packages/mocap4r2_msgs/mocap4r2_msgs_s__rosidl_typesupport_c.so
[11.246s] -- Symlinking: /home/mrg/mocap4r2_ws/install/mocap4r2_msgs/lib/python3.12/site-packages/mocap4r2_msgs/mocap4r2_msgs_s__rosidl_typesupport_fastrtps_c.so
[11.262s] -- Symlinking: /home/mrg/mocap4r2_ws/install/mocap4r2_msgs/lib/python3.12/site-packages/mocap4r2_msgs/mocap4r2_msgs_s__rosidl_typesupport_introspection_c.so
[11.274s] -- Symlinking: /home/mrg/mocap4r2_ws/install/mocap4r2_msgs/lib/python3.12/site-packages/mocap4r2_msgs/msg/__init__.py
[11.285s] -- Symlinking: /home/mrg/mocap4r2_ws/install/mocap4r2_msgs/lib/python3.12/site-packages/mocap4r2_msgs/msg/_imus_info.py
[11.298s] -- Symlinking: /home/mrg/mocap4r2_ws/install/mocap4r2_msgs/lib/python3.12/site-packages/mocap4r2_msgs/msg/_imus_info_s.c
[11.316s] -- Symlinking: /home/mrg/mocap4r2_ws/install/mocap4r2_msgs/lib/python3.12/site-packages/mocap4r2_msgs/msg/_marker.py
[11.336s] -- Symlinking: /home/mrg/mocap4r2_ws/install/mocap4r2_msgs/lib/python3.12/site-packages/mocap4r2_msgs/msg/_marker_s.c
[11.358s] -- Symlinking: /home/mrg/mocap4r2_ws/install/mocap4r2_msgs/lib/python3.12/site-packages/mocap4r2_msgs/msg/_markers.py
[11.373s] -- Symlinking: /home/mrg/mocap4r2_ws/install/mocap4r2_msgs/lib/python3.12/site-packages/mocap4r2_msgs/msg/_markers_s.c
[11.386s] -- Symlinking: /home/mrg/mocap4r2_ws/install/mocap4r2_msgs/lib/python3.12/site-packages/mocap4r2_msgs/msg/_rigid_bodies.py
[11.404s] -- Symlinking: /home/mrg/mocap4r2_ws/install/mocap4r2_msgs/lib/python3.12/site-packages/mocap4r2_msgs/msg/_rigid_bodies_s.c
[11.418s] -- Symlinking: /home/mrg/mocap4r2_ws/install/mocap4r2_msgs/lib/python3.12/site-packages/mocap4r2_msgs/msg/_rigid_body.py
[11.432s] -- Symlinking: /home/mrg/mocap4r2_ws/install/mocap4r2_msgs/lib/python3.12/site-packages/mocap4r2_msgs/msg/_rigid_body_s.c
[11.451s] -- Symlinking: /home/mrg/mocap4r2_ws/install/mocap4r2_msgs/lib/python3.12/site-packages/mocap4r2_msgs/srv/__init__.py
[11.464s] -- Symlinking: /home/mrg/mocap4r2_ws/install/mocap4r2_msgs/lib/python3.12/site-packages/mocap4r2_msgs/srv/_create_rigid_body.py
[11.483s] -- Symlinking: /home/mrg/mocap4r2_ws/install/mocap4r2_msgs/lib/python3.12/site-packages/mocap4r2_msgs/srv/_create_rigid_body_s.c
[11.501s] -- Up-to-date symlink: /home/mrg/mocap4r2_ws/install/mocap4r2_msgs/lib/python3.12/site-packages/mocap4r2_msgs/mocap4r2_msgs_s__rosidl_typesupport_fastrtps_c.so
[11.502s] -- Up-to-date symlink: /home/mrg/mocap4r2_ws/install/mocap4r2_msgs/lib/python3.12/site-packages/mocap4r2_msgs/mocap4r2_msgs_s__rosidl_typesupport_introspection_c.so
[11.502s] -- Up-to-date symlink: /home/mrg/mocap4r2_ws/install/mocap4r2_msgs/lib/python3.12/site-packages/mocap4r2_msgs/mocap4r2_msgs_s__rosidl_typesupport_c.so
[11.503s] -- Symlinking: /home/mrg/mocap4r2_ws/install/mocap4r2_msgs/share/ament_index/resource_index/rust_packages/mocap4r2_msgs
[11.521s] -- Symlinking: /home/mrg/mocap4r2_ws/install/mocap4r2_msgs/share/mocap4r2_msgs/rust/Cargo.toml
[11.539s] -- Symlinking: /home/mrg/mocap4r2_ws/install/mocap4r2_msgs/share/mocap4r2_msgs/rust/build.rs
[11.554s] -- Symlinking: /home/mrg/mocap4r2_ws/install/mocap4r2_msgs/share/mocap4r2_msgs/rust/src/lib.rs
[11.570s] -- Symlinking: /home/mrg/mocap4r2_ws/install/mocap4r2_msgs/share/mocap4r2_msgs/rust/src/msg.rs
[11.584s] -- Symlinking: /home/mrg/mocap4r2_ws/install/mocap4r2_msgs/share/mocap4r2_msgs/rust/src/msg/rmw.rs
[11.603s] -- Symlinking: /home/mrg/mocap4r2_ws/install/mocap4r2_msgs/share/mocap4r2_msgs/rust/src/srv.rs
[11.621s] -- Symlinking: /home/mrg/mocap4r2_ws/install/mocap4r2_msgs/share/mocap4r2_msgs/rust/src/srv/rmw.rs
[11.634s] -- Symlinking: /home/mrg/mocap4r2_ws/install/mocap4r2_msgs/share/mocap4r2_msgs/msg/Marker.idl
[11.647s] -- Symlinking: /home/mrg/mocap4r2_ws/install/mocap4r2_msgs/share/mocap4r2_msgs/msg/Markers.idl
[11.667s] -- Symlinking: /home/mrg/mocap4r2_ws/install/mocap4r2_msgs/share/mocap4r2_msgs/msg/ImusInfo.idl
[11.682s] -- Symlinking: /home/mrg/mocap4r2_ws/install/mocap4r2_msgs/share/mocap4r2_msgs/msg/RigidBody.idl
[11.697s] -- Symlinking: /home/mrg/mocap4r2_ws/install/mocap4r2_msgs/share/mocap4r2_msgs/msg/RigidBodies.idl
[11.713s] -- Symlinking: /home/mrg/mocap4r2_ws/install/mocap4r2_msgs/share/mocap4r2_msgs/srv/CreateRigidBody.idl
[11.732s] -- Symlinking: /home/mrg/mocap4r2_ws/install/mocap4r2_msgs/share/mocap4r2_msgs/msg/Marker.msg
[11.752s] -- Symlinking: /home/mrg/mocap4r2_ws/install/mocap4r2_msgs/share/mocap4r2_msgs/msg/Markers.msg
[11.765s] -- Symlinking: /home/mrg/mocap4r2_ws/install/mocap4r2_msgs/share/mocap4r2_msgs/msg/ImusInfo.msg
[11.786s] -- Symlinking: /home/mrg/mocap4r2_ws/install/mocap4r2_msgs/share/mocap4r2_msgs/msg/RigidBody.msg
[11.801s] -- Symlinking: /home/mrg/mocap4r2_ws/install/mocap4r2_msgs/share/mocap4r2_msgs/msg/RigidBodies.msg
[11.815s] -- Symlinking: /home/mrg/mocap4r2_ws/install/mocap4r2_msgs/share/mocap4r2_msgs/srv/CreateRigidBody.srv
[11.830s] -- Symlinking: /home/mrg/mocap4r2_ws/install/mocap4r2_msgs/share/mocap4r2_msgs/mocap4r2_bridge_mapping_rule.yaml
[11.845s] -- Symlinking: /home/mrg/mocap4r2_ws/install/mocap4r2_msgs/share/ament_index/resource_index/package_run_dependencies/mocap4r2_msgs
[11.862s] -- Symlinking: /home/mrg/mocap4r2_ws/install/mocap4r2_msgs/share/ament_index/resource_index/parent_prefix_path/mocap4r2_msgs
[11.875s] -- Symlinking: /home/mrg/mocap4r2_ws/install/mocap4r2_msgs/share/mocap4r2_msgs/environment/ament_prefix_path.sh
[11.890s] -- Symlinking: /home/mrg/mocap4r2_ws/install/mocap4r2_msgs/share/mocap4r2_msgs/environment/ament_prefix_path.dsv
[11.912s] -- Symlinking: /home/mrg/mocap4r2_ws/install/mocap4r2_msgs/share/mocap4r2_msgs/environment/path.sh
[11.926s] -- Symlinking: /home/mrg/mocap4r2_ws/install/mocap4r2_msgs/share/mocap4r2_msgs/environment/path.dsv
[11.941s] -- Symlinking: /home/mrg/mocap4r2_ws/install/mocap4r2_msgs/share/mocap4r2_msgs/local_setup.bash
[11.955s] -- Symlinking: /home/mrg/mocap4r2_ws/install/mocap4r2_msgs/share/mocap4r2_msgs/local_setup.sh
[11.977s] -- Symlinking: /home/mrg/mocap4r2_ws/install/mocap4r2_msgs/share/mocap4r2_msgs/local_setup.zsh
[11.992s] -- Symlinking: /home/mrg/mocap4r2_ws/install/mocap4r2_msgs/share/mocap4r2_msgs/local_setup.dsv
[12.007s] -- Symlinking: /home/mrg/mocap4r2_ws/install/mocap4r2_msgs/share/mocap4r2_msgs/package.dsv
[12.022s] -- Symlinking: /home/mrg/mocap4r2_ws/install/mocap4r2_msgs/share/ament_index/resource_index/packages/mocap4r2_msgs
[12.045s] -- Symlinking: /home/mrg/mocap4r2_ws/install/mocap4r2_msgs/share/mocap4r2_msgs/cmake/rosidl_cmake-extras.cmake
[12.061s] -- Symlinking: /home/mrg/mocap4r2_ws/install/mocap4r2_msgs/share/mocap4r2_msgs/cmake/ament_cmake_export_dependencies-extras.cmake
[12.076s] -- Symlinking: /home/mrg/mocap4r2_ws/install/mocap4r2_msgs/share/mocap4r2_msgs/cmake/ament_cmake_export_include_directories-extras.cmake
[12.090s] -- Symlinking: /home/mrg/mocap4r2_ws/install/mocap4r2_msgs/share/mocap4r2_msgs/cmake/ament_cmake_export_libraries-extras.cmake
[12.106s] -- Symlinking: /home/mrg/mocap4r2_ws/install/mocap4r2_msgs/share/mocap4r2_msgs/cmake/ament_cmake_export_targets-extras.cmake
[12.124s] -- Symlinking: /home/mrg/mocap4r2_ws/install/mocap4r2_msgs/share/mocap4r2_msgs/cmake/rosidl_cmake_export_typesupport_targets-extras.cmake
[12.139s] -- Symlinking: /home/mrg/mocap4r2_ws/install/mocap4r2_msgs/share/mocap4r2_msgs/cmake/rosidl_cmake_export_typesupport_libraries-extras.cmake
[12.156s] -- Symlinking: /home/mrg/mocap4r2_ws/install/mocap4r2_msgs/share/mocap4r2_msgs/cmake/mocap4r2_msgsConfig.cmake
[12.174s] -- Symlinking: /home/mrg/mocap4r2_ws/install/mocap4r2_msgs/share/mocap4r2_msgs/cmake/mocap4r2_msgsConfig-version.cmake
[12.191s] -- Symlinking: /home/mrg/mocap4r2_ws/install/mocap4r2_msgs/share/mocap4r2_msgs/package.xml
[12.206s] -- Installing: /home/mrg/mocap4r2_ws/install/mocap4r2_msgs/lib/libmocap4r2_msgs__rosidl_generator_c.so
[12.207s] -- Set non-toolchain portion of runtime path of "/home/mrg/mocap4r2_ws/install/mocap4r2_msgs/lib/libmocap4r2_msgs__rosidl_generator_c.so" to ""
[12.207s] -- Installing: /home/mrg/mocap4r2_ws/install/mocap4r2_msgs/lib/libmocap4r2_msgs__rosidl_typesupport_fastrtps_c.so
[12.208s] -- Set non-toolchain portion of runtime path of "/home/mrg/mocap4r2_ws/install/mocap4r2_msgs/lib/libmocap4r2_msgs__rosidl_typesupport_fastrtps_c.so" to ""
[12.208s] -- Installing: /home/mrg/mocap4r2_ws/install/mocap4r2_msgs/lib/libmocap4r2_msgs__rosidl_typesupport_introspection_c.so
[12.209s] -- Set non-toolchain portion of runtime path of "/home/mrg/mocap4r2_ws/install/mocap4r2_msgs/lib/libmocap4r2_msgs__rosidl_typesupport_introspection_c.so" to ""
[12.209s] -- Installing: /home/mrg/mocap4r2_ws/install/mocap4r2_msgs/lib/libmocap4r2_msgs__rosidl_typesupport_c.so
[12.209s] -- Set non-toolchain portion of runtime path of "/home/mrg/mocap4r2_ws/install/mocap4r2_msgs/lib/libmocap4r2_msgs__rosidl_typesupport_c.so" to ""
[12.210s] -- Installing: /home/mrg/mocap4r2_ws/install/mocap4r2_msgs/lib/libmocap4r2_msgs__rosidl_typesupport_fastrtps_cpp.so
[12.210s] -- Set non-toolchain portion of runtime path of "/home/mrg/mocap4r2_ws/install/mocap4r2_msgs/lib/libmocap4r2_msgs__rosidl_typesupport_fastrtps_cpp.so" to ""
[12.210s] -- Installing: /home/mrg/mocap4r2_ws/install/mocap4r2_msgs/lib/libmocap4r2_msgs__rosidl_typesupport_introspection_cpp.so
[12.210s] -- Set non-toolchain portion of runtime path of "/home/mrg/mocap4r2_ws/install/mocap4r2_msgs/lib/libmocap4r2_msgs__rosidl_typesupport_introspection_cpp.so" to ""
[12.211s] -- Installing: /home/mrg/mocap4r2_ws/install/mocap4r2_msgs/lib/libmocap4r2_msgs__rosidl_typesupport_cpp.so
[12.211s] -- Set non-toolchain portion of runtime path of "/home/mrg/mocap4r2_ws/install/mocap4r2_msgs/lib/libmocap4r2_msgs__rosidl_typesupport_cpp.so" to ""
[12.338s] Listing '/home/mrg/mocap4r2_ws/install/mocap4r2_msgs/lib/python3.12/site-packages/mocap4r2_msgs'...
[12.339s] Compiling '/home/mrg/mocap4r2_ws/install/mocap4r2_msgs/lib/python3.12/site-packages/mocap4r2_msgs/__init__.py'...
[12.339s] Listing '/home/mrg/mocap4r2_ws/install/mocap4r2_msgs/lib/python3.12/site-packages/mocap4r2_msgs/msg'...
[12.339s] Compiling '/home/mrg/mocap4r2_ws/install/mocap4r2_msgs/lib/python3.12/site-packages/mocap4r2_msgs/msg/__init__.py'...
[12.340s] Compiling '/home/mrg/mocap4r2_ws/install/mocap4r2_msgs/lib/python3.12/site-packages/mocap4r2_msgs/msg/_imus_info.py'...
[12.340s] Compiling '/home/mrg/mocap4r2_ws/install/mocap4r2_msgs/lib/python3.12/site-packages/mocap4r2_msgs/msg/_marker.py'...
[12.340s] Compiling '/home/mrg/mocap4r2_ws/install/mocap4r2_msgs/lib/python3.12/site-packages/mocap4r2_msgs/msg/_markers.py'...
[12.340s] Compiling '/home/mrg/mocap4r2_ws/install/mocap4r2_msgs/lib/python3.12/site-packages/mocap4r2_msgs/msg/_rigid_bodies.py'...
[12.341s] Compiling '/home/mrg/mocap4r2_ws/install/mocap4r2_msgs/lib/python3.12/site-packages/mocap4r2_msgs/msg/_rigid_body.py'...
[12.341s] Listing '/home/mrg/mocap4r2_ws/install/mocap4r2_msgs/lib/python3.12/site-packages/mocap4r2_msgs/srv'...
[12.341s] Compiling '/home/mrg/mocap4r2_ws/install/mocap4r2_msgs/lib/python3.12/site-packages/mocap4r2_msgs/srv/__init__.py'...
[12.342s] Compiling '/home/mrg/mocap4r2_ws/install/mocap4r2_msgs/lib/python3.12/site-packages/mocap4r2_msgs/srv/_create_rigid_body.py'...
[12.356s] -- Installing: /home/mrg/mocap4r2_ws/install/mocap4r2_msgs/lib/libmocap4r2_msgs__rosidl_generator_py.so
[12.358s] -- Set non-toolchain portion of runtime path of "/home/mrg/mocap4r2_ws/install/mocap4r2_msgs/lib/libmocap4r2_msgs__rosidl_generator_py.so" to ""
[12.358s] -- Installing: /home/mrg/mocap4r2_ws/install/mocap4r2_msgs/share/mocap4r2_msgs/cmake/export_mocap4r2_msgs__rosidl_generator_cExport.cmake
[12.358s] -- Installing: /home/mrg/mocap4r2_ws/install/mocap4r2_msgs/share/mocap4r2_msgs/cmake/export_mocap4r2_msgs__rosidl_generator_cExport-noconfig.cmake
[12.359s] -- Installing: /home/mrg/mocap4r2_ws/install/mocap4r2_msgs/share/mocap4r2_msgs/cmake/export_mocap4r2_msgs__rosidl_typesupport_fastrtps_cExport.cmake
[12.359s] -- Installing: /home/mrg/mocap4r2_ws/install/mocap4r2_msgs/share/mocap4r2_msgs/cmake/export_mocap4r2_msgs__rosidl_typesupport_fastrtps_cExport-noconfig.cmake
[12.359s] -- Installing: /home/mrg/mocap4r2_ws/install/mocap4r2_msgs/share/mocap4r2_msgs/cmake/mocap4r2_msgs__rosidl_typesupport_introspection_cExport.cmake
[12.360s] -- Installing: /home/mrg/mocap4r2_ws/install/mocap4r2_msgs/share/mocap4r2_msgs/cmake/mocap4r2_msgs__rosidl_typesupport_introspection_cExport-noconfig.cmake
[12.361s] -- Installing: /home/mrg/mocap4r2_ws/install/mocap4r2_msgs/share/mocap4r2_msgs/cmake/mocap4r2_msgs__rosidl_typesupport_cExport.cmake
[12.361s] -- Installing: /home/mrg/mocap4r2_ws/install/mocap4r2_msgs/share/mocap4r2_msgs/cmake/mocap4r2_msgs__rosidl_typesupport_cExport-noconfig.cmake
[12.361s] -- Installing: /home/mrg/mocap4r2_ws/install/mocap4r2_msgs/share/mocap4r2_msgs/cmake/export_mocap4r2_msgs__rosidl_generator_cppExport.cmake
[12.362s] -- Installing: /home/mrg/mocap4r2_ws/install/mocap4r2_msgs/share/mocap4r2_msgs/cmake/export_mocap4r2_msgs__rosidl_typesupport_fastrtps_cppExport.cmake
[12.362s] -- Installing: /home/mrg/mocap4r2_ws/install/mocap4r2_msgs/share/mocap4r2_msgs/cmake/export_mocap4r2_msgs__rosidl_typesupport_fastrtps_cppExport-noconfig.cmake
[12.363s] -- Installing: /home/mrg/mocap4r2_ws/install/mocap4r2_msgs/share/mocap4r2_msgs/cmake/mocap4r2_msgs__rosidl_typesupport_introspection_cppExport.cmake
[12.363s] -- Installing: /home/mrg/mocap4r2_ws/install/mocap4r2_msgs/share/mocap4r2_msgs/cmake/mocap4r2_msgs__rosidl_typesupport_introspection_cppExport-noconfig.cmake
[12.363s] -- Installing: /home/mrg/mocap4r2_ws/install/mocap4r2_msgs/share/mocap4r2_msgs/cmake/mocap4r2_msgs__rosidl_typesupport_cppExport.cmake
[12.364s] -- Installing: /home/mrg/mocap4r2_ws/install/mocap4r2_msgs/share/mocap4r2_msgs/cmake/mocap4r2_msgs__rosidl_typesupport_cppExport-noconfig.cmake
[12.364s] -- Installing: /home/mrg/mocap4r2_ws/install/mocap4r2_msgs/share/mocap4r2_msgs/cmake/export_mocap4r2_msgs__rosidl_generator_pyExport.cmake
[12.364s] -- Installing: /home/mrg/mocap4r2_ws/install/mocap4r2_msgs/share/mocap4r2_msgs/cmake/export_mocap4r2_msgs__rosidl_generator_pyExport-noconfig.cmake
[12.372s] Invoked command in '/home/mrg/mocap4r2_ws/build/mocap4r2_msgs' returned '0': CMAKE_PREFIX_PATH=${CMAKE_PREFIX_PATH}:/opt/ros/jazzy DEBUGINFOD_URLS=https://debuginfod.ubuntu.com /usr/bin/cmake --install /home/mrg/mocap4r2_ws/build/mocap4r2_msgs
